TARGET_DU:Rotation-Vel-Cmd     2020-06-09 13:43:40.460072 10  
TARGET_DU:Rotation-ActVel      2020-06-09 13:44:24.350683 0.0036  
TARGET_DU:Rotation-ActVel      2020-06-09 13:44:24.851882 0  
TARGET_DU:Rotation-ActVel      2020-06-09 13:44:25.849831 -0.0072  
TARGET_DU:Rotation-ActVel      2020-06-09 13:44:26.349842 0  
TARGET_DU:Rotation-ActVel      2020-06-09 13:44:26.849851 0.0036  
TARGET_DU:Rotation-ActVel      2020-06-09 13:44:27.349889 -0.0143  
TARGET_DU:Rotation-ActVel      2020-06-09 13:44:28.349884 0  
TARGET_DU:Rotation-ActVel      2020-06-09 13:44:30.350080 -0.0107  
TARGET_DU:Rotation-ActVel      2020-06-09 13:44:30.850169 0  
TARGET_DU:Rotation-ActVel      2020-06-09 13:44:31.350173 0.0143  
TARGET_DU:Rotation-ActVel      2020-06-09 13:44:31.850208 0.0179  
TARGET_DU:Rotation-ActVel      2020-06-09 13:44:32.350244 0.025  
TARGET_DU:Rotation-ActVel      2020-06-09 13:44:32.850260 0.0465  
TARGET_DU:Rotation-ActVel      2020-06-09 13:44:33.351344 0.0608  
TARGET_DU:Rotation-ActVel      2020-06-09 13:44:33.850370 0.0966  
TARGET_DU:Rotation-ActVel      2020-06-09 13:44:34.350379 0.2146  
TARGET_DU:Rotation-ActVel      2020-06-09 13:44:34.850495 0.2182  
TARGET_DU:Rotation-ActVel      2020-06-09 13:44:35.350499 0.2933  
TARGET_DU:Rotation-ActVel      2020-06-09 13:44:35.850504 0.2968  
TARGET_DU:Rotation-ActVel      2020-06-09 13:44:36.350554 0.3326  
TARGET_DU:Rotation-ActVel      2020-06-09 13:44:36.850579 0.3719  
TARGET_DU:Rotation-ActVel      2020-06-09 13:44:37.350616 0.3684  
TARGET_DU:Rotation-ActVel      2020-06-09 13:44:37.850707 0.4077  
TARGET_DU:Rotation-ActVel      2020-06-09 13:44:38.350666 0.3612  
TARGET_DU:Rotation-ActVel      2020-06-09 13:44:38.851725 0.4041  
TARGET_DU:Rotation-ActVel      2020-06-09 13:44:39.350783 0.3898  
TARGET_DU:Rotation-ActVel      2020-06-09 13:44:39.849961 0.3397  
TARGET_DU:Rotation-ActVel      2020-06-09 13:44:40.350094 0.329  
TARGET_DU:Rotation-ActVel      2020-06-09 13:44:40.850009 0.3469  
TARGET_DU:Rotation-ActVel      2020-06-09 13:44:41.350096 0.3684  
TARGET_DU:Rotation-ActVel      2020-06-09 13:44:41.849968 0.4184  
TARGET_DU:Rotation-ActVel      2020-06-09 13:44:42.350014 0.4542  
TARGET_DU:Rotation-ActVel      2020-06-09 13:44:42.850059 0.5507  
TARGET_DU:Rotation-ActVel      2020-06-09 13:44:43.350124 0.5615  
TARGET_DU:Rotation-ActVel      2020-06-09 13:44:43.850352 0.6187  
TARGET_DU:Rotation-ActVel      2020-06-09 13:44:44.350172 0.6008  
TARGET_DU:Rotation-ActVel      2020-06-09 13:44:44.850142 0.6938  
TARGET_DU:Rotation-ActVel      2020-06-09 13:44:45.350269 0.7045  
TARGET_DU:Rotation-ActVel      2020-06-09 13:44:45.850278 0.7117  
TARGET_DU:Rotation-ActVel      2020-06-09 13:44:46.350239 0.6831  
TARGET_DU:Rotation-ActVel      2020-06-09 13:44:46.850325 0.6473  
TARGET_DU:Rotation-ActVel      2020-06-09 13:44:47.351366 0.6366  
TARGET_DU:Rotation-ActVel      2020-06-09 13:44:47.850318 0.6652  
TARGET_DU:Rotation-ActVel      2020-06-09 13:44:48.350371 0.6509  
TARGET_DU:Rotation-ActVel      2020-06-09 13:44:48.850389 0.6831  
TARGET_DU:Rotation-ActVel      2020-06-09 13:44:49.350438 0.7153  
TARGET_DU:Rotation-ActVel      2020-06-09 13:44:49.850457 0.7439  
TARGET_DU:Rotation-ActVel      2020-06-09 13:44:50.350513 0.7939  
TARGET_DU:Rotation-ActVel      2020-06-09 13:44:50.850589 0.8368  
TARGET_DU:Rotation-ActVel      2020-06-09 13:44:51.350633 0.8762  
TARGET_DU:Rotation-ActVel      2020-06-09 13:44:51.850715 0.9477  
TARGET_DU:Rotation-ActVel      2020-06-09 13:44:52.350759 0.9906  
TARGET_DU:Rotation-ActVel      2020-06-09 13:44:52.851704 0.9584  
TARGET_DU:Rotation-ActVel      2020-06-09 13:44:53.350917 0.9871  
TARGET_DU:Rotation-ActVel      2020-06-09 13:44:53.850921 1.0228  
TARGET_DU:Rotation-ActVel      2020-06-09 13:44:54.350179 0.9799  
TARGET_DU:Rotation-ActVel      2020-06-09 13:44:54.850163 0.9441  
TARGET_DU:Rotation-ActVel      2020-06-09 13:44:55.350168 0.9692  
TARGET_DU:Rotation-ActVel      2020-06-09 13:44:55.850210 0.9584  
TARGET_DU:Rotation-ActVel      2020-06-09 13:44:56.350137 0.9942  
TARGET_DU:Rotation-ActVel      2020-06-09 13:44:56.850199 0.9871  
TARGET_DU:Rotation-ActVel      2020-06-09 13:44:57.350263 1.03  
TARGET_DU:Rotation-ActVel      2020-06-09 13:44:57.850293 1.055  
TARGET_DU:Rotation-ActVel      2020-06-09 13:44:58.350282 1.1265  
TARGET_DU:Rotation-ActVel      2020-06-09 13:44:58.850359 1.1444  
TARGET_DU:Rotation-ActVel      2020-06-09 13:44:59.350393 1.1694  
TARGET_DU:Rotation-ActVel      2020-06-09 13:44:59.850430 1.2481  
TARGET_DU:Rotation-ActVel      2020-06-09 13:45:00.350454 1.2696  
TARGET_DU:Rotation-ActVel      2020-06-09 13:45:00.850621 1.3089  
TARGET_DU:Rotation-ActVel      2020-06-09 13:45:01.350577 1.2875  
TARGET_DU:Rotation-ActVel      2020-06-09 13:45:01.850537 1.2481  
TARGET_DU:Rotation-ActVel      2020-06-09 13:45:02.350559 1.3125  
TARGET_DU:Rotation-ActVel      2020-06-09 13:45:02.850721 1.3232  
TARGET_DU:Rotation-ActVel      2020-06-09 13:45:03.350707 1.3089  
TARGET_DU:Rotation-ActVel      2020-06-09 13:45:03.850784 1.2982  
TARGET_DU:Rotation-ActVel      2020-06-09 13:45:04.350882 1.2875  
TARGET_DU:Rotation-ActVel      2020-06-09 13:45:04.850856 1.3626  
TARGET_DU:Rotation-ActVel      2020-06-09 13:45:05.851949 1.3661  
TARGET_DU:Rotation-ActVel      2020-06-09 13:45:06.351914 1.4055  
TARGET_DU:Rotation-ActVel      2020-06-09 13:45:06.850944 1.452  
TARGET_DU:Rotation-ActVel      2020-06-09 13:45:07.350989 1.502  
TARGET_DU:Rotation-ActVel      2020-06-09 13:45:07.851074 1.5557  
TARGET_DU:Rotation-ActVel      2020-06-09 13:45:08.351105 1.5593  
TARGET_DU:Rotation-ActVel      2020-06-09 13:45:08.850307 1.5628  
TARGET_DU:Rotation-ActVel      2020-06-09 13:45:09.350397 1.57  
TARGET_DU:Rotation-ActVel      2020-06-09 13:45:09.850321 1.6415  
TARGET_DU:Rotation-ActVel      2020-06-09 13:45:10.350291 1.5736  
TARGET_DU:Rotation-ActVel      2020-06-09 13:45:10.850367 1.6379  
TARGET_DU:Rotation-ActVel      2020-06-09 13:45:11.350296 1.545  
TARGET_DU:Rotation-ActVel      2020-06-09 13:45:11.850407 1.6236  
TARGET_DU:Rotation-ActVel      2020-06-09 13:45:12.350407 1.6129  
TARGET_DU:Rotation-ActVel      2020-06-09 13:45:12.850400 1.6093  
TARGET_DU:Rotation-ActVel      2020-06-09 13:45:13.350505 1.6737  
TARGET_DU:Rotation-ActVel      2020-06-09 13:45:13.850522 1.7273  
TARGET_DU:Rotation-ActVel      2020-06-09 13:45:14.350546 1.6987  
TARGET_DU:Rotation-ActVel      2020-06-09 13:45:14.850562 1.8132  
TARGET_DU:Rotation-ActVel      2020-06-09 13:45:15.350582 1.806  
TARGET_DU:Rotation-ActVel      2020-06-09 13:45:15.850654 1.7881  
TARGET_DU:Rotation-ActVel      2020-06-09 13:45:16.350748 1.8919  
TARGET_DU:Rotation-ActVel      2020-06-09 13:45:16.850775 1.9491  
TARGET_DU:Rotation-ActVel      2020-06-09 13:45:17.350853 1.8525  
TARGET_DU:Rotation-ActVel      2020-06-09 13:45:17.850845 1.9312  
TARGET_DU:Rotation-ActVel      2020-06-09 13:45:18.351862 1.8919  
TARGET_DU:Rotation-ActVel      2020-06-09 13:45:18.850936 1.8954  
TARGET_DU:Rotation-ActVel      2020-06-09 13:45:19.350957 1.874  
TARGET_DU:Rotation-ActVel      2020-06-09 13:45:19.850998 1.8847  
TARGET_DU:Rotation-ActVel      2020-06-09 13:45:20.351062 1.8954  
TARGET_DU:Rotation-ActVel      2020-06-09 13:45:20.851067 1.9526  
TARGET_DU:Rotation-ActVel      2020-06-09 13:45:21.352162 1.9848  
TARGET_DU:Rotation-ActVel      2020-06-09 13:45:21.851158 2.0242  
TARGET_DU:Rotation-ActVel      2020-06-09 13:45:22.351201 2.085  
TARGET_DU:Rotation-ActVel      2020-06-09 13:45:22.851235 2.1386  
TARGET_DU:Rotation-ActVel      2020-06-09 13:45:23.350451 2.1815  
TARGET_DU:Rotation-ActVel      2020-06-09 13:45:23.850496 2.1958  
TARGET_DU:Rotation-ActVel      2020-06-09 13:45:24.350502 2.1708  
TARGET_DU:Rotation-ActVel      2020-06-09 13:45:24.850343 2.178  
TARGET_DU:Rotation-ActVel      2020-06-09 13:45:25.350652 2.2173  
TARGET_DU:Rotation-ActVel      2020-06-09 13:45:25.850498 2.1994  
TARGET_DU:Rotation-ActVel      2020-06-09 13:45:26.350486 2.2638  
TARGET_DU:Rotation-ActVel      2020-06-09 13:45:26.850565 2.1744  
TARGET_DU:Rotation-ActVel      2020-06-09 13:45:27.350851 2.2423  
TARGET_DU:Rotation-ActVel      2020-06-09 13:45:27.850647 2.2495  
TARGET_DU:Rotation-ActVel      2020-06-09 13:45:28.350713 2.2924  
TARGET_DU:Rotation-ActVel      2020-06-09 13:45:28.850699 2.3031  
TARGET_DU:Rotation-ActVel      2020-06-09 13:45:29.351817 2.2602  
TARGET_DU:Rotation-ActVel      2020-06-09 13:45:29.850647 2.3139  
TARGET_DU:Rotation-ActVel      2020-06-09 13:45:30.350879 2.4033  
TARGET_DU:Rotation-ActVel      2020-06-09 13:45:30.850818 2.4247  
TARGET_DU:Rotation-ActVel      2020-06-09 13:45:31.350939 2.4176  
TARGET_DU:Rotation-ActVel      2020-06-09 13:45:31.850989 2.5177  
TARGET_DU:Rotation-ActVel      2020-06-09 13:45:32.351005 2.4462  
TARGET_DU:Rotation-ActVel      2020-06-09 13:45:32.851041 2.5213  
TARGET_DU:Rotation-ActVel      2020-06-09 13:45:33.351090 2.5535  
TARGET_DU:Rotation-ActVel      2020-06-09 13:45:33.851110 2.5392  
TARGET_DU:Rotation-ActVel      2020-06-09 13:45:34.351179 2.5356  
TARGET_DU:Rotation-ActVel      2020-06-09 13:45:34.851141 2.5105  
TARGET_DU:Rotation-ActVel      2020-06-09 13:45:35.352246 2.4712  
TARGET_DU:Rotation-ActVel      2020-06-09 13:45:35.851344 2.5499  
TARGET_DU:Rotation-ActVel      2020-06-09 13:45:36.351365 2.5249  
TARGET_DU:Rotation-ActVel      2020-06-09 13:45:36.851355 2.5713  
TARGET_DU:Rotation-ActVel      2020-06-09 13:45:37.351438 2.6572  
TARGET_DU:Rotation-ActVel      2020-06-09 13:45:37.851698 2.7144  
TARGET_DU:Rotation-ActVel      2020-06-09 13:45:38.350631 2.6608  
TARGET_DU:Rotation-ActVel      2020-06-09 13:45:38.850536 2.6357  
TARGET_DU:Rotation-ActVel      2020-06-09 13:45:39.350590 2.7287  
TARGET_DU:Rotation-ActVel      2020-06-09 13:45:39.850588 2.768  
TARGET_DU:Rotation-ActVel      2020-06-09 13:45:40.350541 2.7609  
TARGET_DU:Rotation-ActVel      2020-06-09 13:45:40.850730 2.811  
TARGET_DU:Rotation-ActVel      2020-06-09 13:45:41.350711 2.8396  
TARGET_DU:Rotation-ActVel      2020-06-09 13:45:41.850767 2.8682  
TARGET_DU:Rotation-ActVel      2020-06-09 13:45:42.350815 2.8181  
TARGET_DU:Rotation-ActVel      2020-06-09 13:45:42.850813 2.8253  
TARGET_DU:Rotation-ActVel      2020-06-09 13:45:43.350871 2.8396  
TARGET_DU:Rotation-ActVel      2020-06-09 13:45:43.850922 2.836  
TARGET_DU:Rotation-ActVel      2020-06-09 13:45:44.350942 2.8861  
TARGET_DU:Rotation-ActVel      2020-06-09 13:45:44.850964 2.8896  
TARGET_DU:Rotation-ActVel      2020-06-09 13:45:45.351028 2.9325  
TARGET_DU:Rotation-ActVel      2020-06-09 13:45:45.852067 2.9612  
TARGET_DU:Rotation-ActVel      2020-06-09 13:45:46.351123 3.0398  
TARGET_DU:Rotation-ActVel      2020-06-09 13:45:46.851138 3.0935  
TARGET_DU:Rotation-ActVel      2020-06-09 13:45:47.351191 3.1257  
TARGET_DU:Rotation-ActVel      2020-06-09 13:45:47.851262 3.1221  
TARGET_DU:Rotation-ActVel      2020-06-09 13:45:48.351222 3.1292  
TARGET_DU:Rotation-ActVel      2020-06-09 13:45:48.851284 3.1257  
TARGET_DU:Rotation-ActVel      2020-06-09 13:45:49.351358 3.0684  
TARGET_DU:Rotation-ActVel      2020-06-09 13:45:49.851369 3.1471  
TARGET_DU:Rotation-ActVel      2020-06-09 13:45:50.351415 3.1221  
TARGET_DU:Rotation-ActVel      2020-06-09 13:45:50.851454 3.0684  
TARGET_DU:Rotation-ActVel      2020-06-09 13:45:51.351492 3.1042  
TARGET_DU:Rotation-ActVel      2020-06-09 13:45:51.851684 3.0971  
TARGET_DU:Rotation-ActVel      2020-06-09 13:45:52.350718 3.1757  
TARGET_DU:Rotation-ActVel      2020-06-09 13:45:52.850774 3.1722  
TARGET_DU:Rotation-ActVel      2020-06-09 13:45:53.350702 3.2866  
TARGET_DU:Rotation-ActVel      2020-06-09 13:45:53.850789 3.3116  
TARGET_DU:Rotation-ActVel      2020-06-09 13:45:54.350806 3.3581  
TARGET_DU:Rotation-ActVel      2020-06-09 13:45:54.850714 3.3653  
TARGET_DU:Rotation-ActVel      2020-06-09 13:45:55.350830 3.376  
TARGET_DU:Rotation-ActVel      2020-06-09 13:45:55.850891 3.4118  
TARGET_DU:Rotation-ActVel      2020-06-09 13:45:56.350882 3.5155  
TARGET_DU:Rotation-ActVel      2020-06-09 13:45:56.851122 3.5584  
TARGET_DU:Rotation-ActVel      2020-06-09 13:45:57.351100 3.5512  
TARGET_DU:Rotation-ActVel      2020-06-09 13:45:57.851024 3.4618  
TARGET_DU:Rotation-ActVel      2020-06-09 13:45:58.351102 3.5119  
TARGET_DU:Rotation-ActVel      2020-06-09 13:45:58.851097 3.587  
TARGET_DU:Rotation-ActVel      2020-06-09 13:45:59.351143 3.5548  
TARGET_DU:Rotation-ActVel      2020-06-09 13:45:59.851188 3.5441  
TARGET_DU:Rotation-ActVel      2020-06-09 13:46:00.352174 3.5548  
TARGET_DU:Rotation-ActVel      2020-06-09 13:46:00.851257 3.6263  
TARGET_DU:Rotation-ActVel      2020-06-09 13:46:01.351293 3.6621  
TARGET_DU:Rotation-ActVel      2020-06-09 13:46:01.851342 3.6371  
TARGET_DU:Rotation-ActVel      2020-06-09 13:46:02.351376 3.68  
TARGET_DU:Rotation-ActVel      2020-06-09 13:46:02.851477 3.6764  
TARGET_DU:Rotation-ActVel      2020-06-09 13:46:03.351440 3.705  
TARGET_DU:Rotation-ActVel      2020-06-09 13:46:03.851524 3.7444  
TARGET_DU:Rotation-ActVel      2020-06-09 13:46:04.351564 3.7766  
TARGET_DU:Rotation-ActVel      2020-06-09 13:46:04.851568 3.7229  
TARGET_DU:Rotation-ActVel      2020-06-09 13:46:05.351570 3.6979  
TARGET_DU:Rotation-ActVel      2020-06-09 13:46:05.851613 3.773  
TARGET_DU:Rotation-ActVel      2020-06-09 13:46:06.352728 3.7444  
TARGET_DU:Rotation-ActVel      2020-06-09 13:46:06.851860 3.7372  
TARGET_DU:Rotation-ActVel      2020-06-09 13:46:07.350778 3.8016  
TARGET_DU:Rotation-ActVel      2020-06-09 13:46:07.850913 3.823  
TARGET_DU:Rotation-ActVel      2020-06-09 13:46:08.350780 3.8159  
TARGET_DU:Rotation-ActVel      2020-06-09 13:46:08.850835 3.8731  
TARGET_DU:Rotation-ActVel      2020-06-09 13:46:09.350772 3.9053  
TARGET_DU:Rotation-ActVel      2020-06-09 13:46:09.850830 3.9196  
TARGET_DU:Rotation-ActVel      2020-06-09 13:46:10.350872 3.9232  
TARGET_DU:Rotation-ActVel      2020-06-09 13:46:10.850887 4.0162  
TARGET_DU:Rotation-ActVel      2020-06-09 13:46:11.350953 3.9911  
TARGET_DU:Rotation-ActVel      2020-06-09 13:46:11.850992 4.0197  
TARGET_DU:Rotation-ActVel      2020-06-09 13:46:12.351012 3.9983  
TARGET_DU:Rotation-ActVel      2020-06-09 13:46:12.851092 4.0412  
TARGET_DU:Rotation-ActVel      2020-06-09 13:46:13.351082 4.0841  
TARGET_DU:Rotation-ActVel      2020-06-09 13:46:13.851177 4.1485  
TARGET_DU:Rotation-ActVel      2020-06-09 13:46:14.351261 4.077  
TARGET_DU:Rotation-ActVel      2020-06-09 13:46:14.851214 4.0841  
TARGET_DU:Rotation-ActVel      2020-06-09 13:46:15.351322 4.0877  
TARGET_DU:Rotation-ActVel      2020-06-09 13:46:15.852329 4.0805  
TARGET_DU:Rotation-ActVel      2020-06-09 13:46:16.351442 4.2093  
TARGET_DU:Rotation-ActVel      2020-06-09 13:46:16.852454 4.1842  
TARGET_DU:Rotation-ActVel      2020-06-09 13:46:17.352584 4.1771  
TARGET_DU:Rotation-ActVel      2020-06-09 13:46:17.851670 4.2343  
TARGET_DU:Rotation-ActVel      2020-06-09 13:46:18.351579 4.2558  
TARGET_DU:Rotation-ActVel      2020-06-09 13:46:18.851709 4.245  
TARGET_DU:Rotation-ActVel      2020-06-09 13:46:19.351753 4.3237  
TARGET_DU:Rotation-ActVel      2020-06-09 13:46:19.851727 4.3416  
TARGET_DU:Rotation-ActVel      2020-06-09 13:46:20.352792 4.3666  
TARGET_DU:Rotation-ActVel      2020-06-09 13:46:20.851880 4.3201  
TARGET_DU:Rotation-ActVel      2020-06-09 13:46:21.352015 4.3738  
TARGET_DU:Rotation-ActVel      2020-06-09 13:46:21.851041 4.4024  
TARGET_DU:Rotation-ActVel      2020-06-09 13:46:22.351150 4.4131  
TARGET_DU:Rotation-ActVel      2020-06-09 13:46:22.851113 4.456  
TARGET_DU:Rotation-ActVel      2020-06-09 13:46:23.351115 4.4525  
TARGET_DU:Rotation-ActVel      2020-06-09 13:46:23.851243 4.499  
TARGET_DU:Rotation-ActVel      2020-06-09 13:46:24.351139 4.4703  
TARGET_DU:Rotation-ActVel      2020-06-09 13:46:24.851210 4.5061  
TARGET_DU:Rotation-ActVel      2020-06-09 13:46:25.351199 4.5705  
TARGET_DU:Rotation-ActVel      2020-06-09 13:46:25.851256 4.524  
TARGET_DU:Rotation-ActVel      2020-06-09 13:46:26.351322 4.5848  
TARGET_DU:Rotation-ActVel      2020-06-09 13:46:26.851318 4.5562  
TARGET_DU:Rotation-ActVel      2020-06-09 13:46:27.351359 4.6527  
TARGET_DU:Rotation-ActVel      2020-06-09 13:46:27.852395 4.6456  
TARGET_DU:Rotation-ActVel      2020-06-09 13:46:28.351447 4.6742  
TARGET_DU:Rotation-ActVel      2020-06-09 13:46:28.852486 4.6849  
TARGET_DU:Rotation-ActVel      2020-06-09 13:46:29.351497 4.6885  
TARGET_DU:Rotation-ActVel      2020-06-09 13:46:29.851553 4.6241  
TARGET_DU:Rotation-ActVel      2020-06-09 13:46:30.351731 4.7064  
TARGET_DU:Rotation-ActVel      2020-06-09 13:46:30.851650 4.6349  
TARGET_DU:Rotation-ActVel      2020-06-09 13:46:31.352711 4.7421  
TARGET_DU:Rotation-ActVel      2020-06-09 13:46:31.851676 4.7886  
TARGET_DU:Rotation-ActVel      2020-06-09 13:46:32.351763 4.7493  
TARGET_DU:Rotation-ActVel      2020-06-09 13:46:32.851815 4.8065  
TARGET_DU:Rotation-ActVel      2020-06-09 13:46:33.351843 4.8387  
TARGET_DU:Rotation-ActVel      2020-06-09 13:46:33.851874 4.8172  
TARGET_DU:Rotation-ActVel      2020-06-09 13:46:34.351894 4.8459  
TARGET_DU:Rotation-ActVel      2020-06-09 13:46:34.852020 4.8959  
TARGET_DU:Rotation-ActVel      2020-06-09 13:46:35.351979 4.9424  
TARGET_DU:Rotation-ActVel      2020-06-09 13:46:35.852125 4.946  
TARGET_DU:Rotation-ActVel      2020-06-09 13:46:36.351221 4.9567  
TARGET_DU:Rotation-ActVel      2020-06-09 13:46:36.851229 5.0032  
TARGET_DU:Rotation-ActVel      2020-06-09 13:46:37.351251 4.971  
TARGET_DU:Rotation-ActVel      2020-06-09 13:46:37.851230 5.0533  
TARGET_DU:Rotation-ActVel      2020-06-09 13:46:38.351277 5.0354  
TARGET_DU:Rotation-ActVel      2020-06-09 13:46:38.851341 5.0282  
TARGET_DU:Rotation-ActVel      2020-06-09 13:46:39.351346 4.9639  
TARGET_DU:Rotation-ActVel      2020-06-09 13:46:39.851285 5.0676  
TARGET_DU:Rotation-ActVel      2020-06-09 13:46:40.351507 5.1141  
TARGET_DU:Rotation-ActVel      2020-06-09 13:46:40.851488 5.1427  
TARGET_DU:Rotation-ActVel      2020-06-09 13:46:41.351486 5.0998  
TARGET_DU:Rotation-ActVel      2020-06-09 13:46:41.851476 5.1785  
TARGET_DU:Rotation-ActVel      2020-06-09 13:46:42.351530 5.2178  
TARGET_DU:Rotation-ActVel      2020-06-09 13:46:42.851572 5.2071  
TARGET_DU:Rotation-ActVel      2020-06-09 13:46:43.351562 5.25  
TARGET_DU:Rotation-ActVel      2020-06-09 13:46:43.851698 5.2893  
TARGET_DU:Rotation-ActVel      2020-06-09 13:46:44.351720 5.2965  
TARGET_DU:Rotation-ActVel      2020-06-09 13:46:44.852791 5.2929  
TARGET_DU:Rotation-ActVel      2020-06-09 13:46:45.851801 5.3608  
TARGET_DU:Rotation-ActVel      2020-06-09 13:46:46.351816 5.3358  
TARGET_DU:Rotation-ActVel      2020-06-09 13:46:46.851920 5.3787  
TARGET_DU:Rotation-ActVel      2020-06-09 13:46:47.351914 5.3251  
TARGET_DU:Rotation-ActVel      2020-06-09 13:46:47.851989 5.3537  
TARGET_DU:Rotation-ActVel      2020-06-09 13:46:48.352026 5.393  
TARGET_DU:Rotation-ActVel      2020-06-09 13:46:48.852116 5.4252  
TARGET_DU:Rotation-ActVel      2020-06-09 13:46:49.352071 5.4502  
TARGET_DU:Rotation-ActVel      2020-06-09 13:46:49.852140 5.461  
TARGET_DU:Rotation-ActVel      2020-06-09 13:46:50.352337 5.5146  
TARGET_DU:Rotation-ActVel      2020-06-09 13:46:50.851402 5.5397  
TARGET_DU:Rotation-ActVel      2020-06-09 13:46:51.351394 5.5683  
TARGET_DU:Rotation-ActVel      2020-06-09 13:46:51.851427 5.5754  
TARGET_DU:Rotation-ActVel      2020-06-09 13:46:52.351517 5.6219  
TARGET_DU:Rotation-ActVel      2020-06-09 13:46:52.851440 5.6469  
TARGET_DU:Rotation-ActVel      2020-06-09 13:46:53.351417 5.6291  
TARGET_DU:Rotation-ActVel      2020-06-09 13:46:53.851587 5.6684  
TARGET_DU:Rotation-ActVel      2020-06-09 13:46:54.351493 5.6505  
TARGET_DU:Rotation-ActVel      2020-06-09 13:46:54.851540 5.6863  
TARGET_DU:Rotation-ActVel      2020-06-09 13:46:55.351582 5.6684  
TARGET_DU:Rotation-ActVel      2020-06-09 13:46:55.851621 5.6899  
TARGET_DU:Rotation-ActVel      2020-06-09 13:46:56.351583 5.7077  
TARGET_DU:Rotation-ActVel      2020-06-09 13:46:56.852672 5.7721  
TARGET_DU:Rotation-ActVel      2020-06-09 13:46:57.351750 5.7828  
TARGET_DU:Rotation-ActVel      2020-06-09 13:46:57.851790 5.8722  
TARGET_DU:Rotation-ActVel      2020-06-09 13:46:58.351809 5.8293  
TARGET_DU:Rotation-ActVel      2020-06-09 13:46:58.851851 5.8329  
TARGET_DU:Rotation-ActVel      2020-06-09 13:46:59.351920 5.8436  
TARGET_DU:Rotation-ActVel      2020-06-09 13:46:59.851922 5.8544  
TARGET_DU:Rotation-ActVel      2020-06-09 13:47:00.351952 5.9009  
TARGET_DU:Rotation-ActVel      2020-06-09 13:47:00.851997 5.9259  
TARGET_DU:Rotation-ActVel      2020-06-09 13:47:01.352009 5.9366  
TARGET_DU:Rotation-ActVel      2020-06-09 13:47:01.852010 5.9724  
TARGET_DU:Rotation-ActVel      2020-06-09 13:47:02.352126 5.9545  
TARGET_DU:Rotation-ActVel      2020-06-09 13:47:02.852166 6.0868  
TARGET_DU:Rotation-ActVel      2020-06-09 13:47:03.352223 6.0368  
TARGET_DU:Rotation-ActVel      2020-06-09 13:47:03.852247 5.9795  
TARGET_DU:Rotation-ActVel      2020-06-09 13:47:04.352282 6.0296  
TARGET_DU:Rotation-ActVel      2020-06-09 13:47:04.852529 6.0582  
TARGET_DU:Rotation-ActVel      2020-06-09 13:47:05.351562 6.1154  
TARGET_DU:Rotation-ActVel      2020-06-09 13:47:05.851541 6.1083  
TARGET_DU:Rotation-ActVel      2020-06-09 13:47:06.351521 6.1333  
TARGET_DU:Rotation-ActVel      2020-06-09 13:47:06.851542 6.1691  
TARGET_DU:Rotation-ActVel      2020-06-09 13:47:07.351562 6.2227  
TARGET_DU:Rotation-ActVel      2020-06-09 13:47:07.851513 6.1834  
TARGET_DU:Rotation-ActVel      2020-06-09 13:47:08.351702 6.2084  
TARGET_DU:Rotation-ActVel      2020-06-09 13:47:08.851700 6.2299  
TARGET_DU:Rotation-ActVel      2020-06-09 13:47:09.351690 6.2621  
TARGET_DU:Rotation-ActVel      2020-06-09 13:47:09.851695 6.2442  
TARGET_DU:Rotation-ActVel      2020-06-09 13:47:10.351773 6.3121  
TARGET_DU:Rotation-ActVel      2020-06-09 13:47:10.852811 6.305  
TARGET_DU:Rotation-ActVel      2020-06-09 13:47:11.351863 6.3658  
TARGET_DU:Rotation-ActVel      2020-06-09 13:47:11.851855 6.2978  
TARGET_DU:Rotation-ActVel      2020-06-09 13:47:12.351869 6.305  
TARGET_DU:Rotation-ActVel      2020-06-09 13:47:12.851973 6.3729  
TARGET_DU:Rotation-ActVel      2020-06-09 13:47:13.351980 6.4087  
TARGET_DU:Rotation-ActVel      2020-06-09 13:47:13.853044 6.3729  
TARGET_DU:Rotation-ActVel      2020-06-09 13:47:14.352116 6.4051  
TARGET_DU:Rotation-ActVel      2020-06-09 13:47:14.852113 6.423  
TARGET_DU:Rotation-ActVel      2020-06-09 13:47:15.352127 6.4802  
TARGET_DU:Rotation-ActVel      2020-06-09 13:47:15.852156 6.6555  
TARGET_DU:Rotation-ActVel      2020-06-09 13:47:16.352239 6.4445  
TARGET_DU:Rotation-ActVel      2020-06-09 13:47:16.852273 6.5804  
TARGET_DU:Rotation-ActVel      2020-06-09 13:47:17.352232 6.566  
TARGET_DU:Rotation-ActVel      2020-06-09 13:47:17.852380 6.5839  
TARGET_DU:Rotation-ActVel      2020-06-09 13:47:18.352376 6.5517  
TARGET_DU:Rotation-ActVel      2020-06-09 13:47:19.353583 6.5947  
TARGET_DU:Rotation-ActVel      2020-06-09 13:47:19.851686 6.6125  
TARGET_DU:Rotation-ActVel      2020-06-09 13:47:20.351711 6.6555  
TARGET_DU:Rotation-ActVel      2020-06-09 13:47:20.851684 6.7878  
TARGET_DU:Rotation-ActVel      2020-06-09 13:47:21.351652 6.7127  
TARGET_DU:Rotation-ActVel      2020-06-09 13:47:21.851708 6.6948  
TARGET_DU:Rotation-ActVel      2020-06-09 13:47:22.351775 6.7949  
TARGET_DU:Rotation-ActVel      2020-06-09 13:47:22.851698 6.7306  
TARGET_DU:Rotation-ActVel      2020-06-09 13:47:23.351818 6.8378  
TARGET_DU:Rotation-ActVel      2020-06-09 13:47:23.851858 6.8235  
TARGET_DU:Rotation-ActVel      2020-06-09 13:47:24.351834 6.752  
TARGET_DU:Rotation-ActVel      2020-06-09 13:47:24.851893 6.8307  
TARGET_DU:Rotation-ActVel      2020-06-09 13:47:25.351967 6.8665  
TARGET_DU:Rotation-ActVel      2020-06-09 13:47:25.851955 6.8414  
TARGET_DU:Rotation-ActVel      2020-06-09 13:47:26.352009 6.8665  
TARGET_DU:Rotation-ActVel      2020-06-09 13:47:26.853063 6.9809  
TARGET_DU:Rotation-ActVel      2020-06-09 13:47:27.353080 6.9273  
TARGET_DU:Rotation-ActVel      2020-06-09 13:47:27.851996 6.9845  
TARGET_DU:Rotation-ActVel      2020-06-09 13:47:28.352026 6.9487  
TARGET_DU:Rotation-ActVel      2020-06-09 13:47:28.852104 6.9559  
TARGET_DU:Rotation-ActVel      2020-06-09 13:47:29.352242 6.9165  
TARGET_DU:Rotation-ActVel      2020-06-09 13:47:29.852133 7.0596  
TARGET_DU:Rotation-ActVel      2020-06-09 13:47:30.352219 7.0453  
TARGET_DU:Rotation-ActVel      2020-06-09 13:47:30.853221 7.0703  
TARGET_DU:Rotation-ActVel      2020-06-09 13:47:31.352276 7.1168  
TARGET_DU:Rotation-ActVel      2020-06-09 13:47:31.852289 7.1239  
TARGET_DU:Rotation-ActVel      2020-06-09 13:47:32.352356 7.0095  
TARGET_DU:Rotation-ActVel      2020-06-09 13:47:32.852473 7.2348  
TARGET_DU:Rotation-ActVel      2020-06-09 13:47:33.352498 7.1597  
TARGET_DU:Rotation-ActVel      2020-06-09 13:47:33.852684 7.1883  
TARGET_DU:Rotation-ActVel      2020-06-09 13:47:34.351863 7.36  
TARGET_DU:Rotation-ActVel      2020-06-09 13:47:34.851932 7.1669  
TARGET_DU:Rotation-ActVel      2020-06-09 13:47:35.351881 7.1883  
TARGET_DU:Rotation-ActVel      2020-06-09 13:47:35.851830 7.3099  
TARGET_DU:Rotation-ActVel      2020-06-09 13:47:36.351860 7.2491  
TARGET_DU:Rotation-ActVel      2020-06-09 13:47:36.851865 7.3457  
TARGET_DU:Rotation-ActVel      2020-06-09 13:47:37.351896 7.3743  
TARGET_DU:Rotation-ActVel      2020-06-09 13:47:37.851907 7.3385  
TARGET_DU:Rotation-ActVel      2020-06-09 13:47:38.351949 7.3671  
TARGET_DU:Rotation-ActVel      2020-06-09 13:47:38.851986 7.4601  
TARGET_DU:Rotation-ActVel      2020-06-09 13:47:39.352100 7.4279  
TARGET_DU:Rotation-ActVel      2020-06-09 13:47:39.851943 7.3814  
TARGET_DU:Rotation-ActVel      2020-06-09 13:47:40.352277 7.4315  
TARGET_DU:Rotation-ActVel      2020-06-09 13:47:40.852123 7.4565  
TARGET_DU:Rotation-ActVel      2020-06-09 13:47:41.352237 7.4744  
TARGET_DU:Rotation-ActVel      2020-06-09 13:47:42.352325 7.4995  
TARGET_DU:Rotation-ActVel      2020-06-09 13:47:42.852334 7.5138  
TARGET_DU:Rotation-ActVel      2020-06-09 13:47:43.352389 7.5889  
TARGET_DU:Rotation-ActVel      2020-06-09 13:47:43.852427 7.6139  
TARGET_DU:Rotation-ActVel      2020-06-09 13:47:44.352446 7.6389  
TARGET_DU:Rotation-ActVel      2020-06-09 13:47:44.852511 7.6711  
TARGET_DU:Rotation-ActVel      2020-06-09 13:47:45.352525 7.6282  
TARGET_DU:Rotation-ActVel      2020-06-09 13:47:45.852583 7.6461  
TARGET_DU:Rotation-ActVel      2020-06-09 13:47:46.352663 7.6818  
TARGET_DU:Rotation-ActVel      2020-06-09 13:47:46.852662 7.6497  
TARGET_DU:Rotation-ActVel      2020-06-09 13:47:47.352740 7.689  
TARGET_DU:Rotation-ActVel      2020-06-09 13:47:47.852780 7.7498  
TARGET_DU:Rotation-ActVel      2020-06-09 13:47:48.352955 7.7713  
TARGET_DU:Rotation-ActVel      2020-06-09 13:47:48.853005 7.782  
TARGET_DU:Rotation-ActVel      2020-06-09 13:47:49.352077 7.7462  
TARGET_DU:Rotation-ActVel      2020-06-09 13:47:49.852071 7.8034  
TARGET_DU:Rotation-ActVel      2020-06-09 13:47:50.352008 7.7713  
TARGET_DU:Rotation-ActVel      2020-06-09 13:47:50.852002 7.8678  
TARGET_DU:Rotation-ActVel      2020-06-09 13:47:51.352089 7.8571  
TARGET_DU:Rotation-ActVel      2020-06-09 13:47:51.852003 7.8928  
TARGET_DU:Rotation-ActVel      2020-06-09 13:47:52.352103 7.875  
TARGET_DU:Rotation-ActVel      2020-06-09 13:47:52.852071 8.0323  
TARGET_DU:Rotation-ActVel      2020-06-09 13:47:53.352163 7.925  
TARGET_DU:Rotation-ActVel      2020-06-09 13:47:53.852215 8.0037  
TARGET_DU:Rotation-ActVel      2020-06-09 13:47:54.352253 7.9823  
TARGET_DU:Rotation-ActVel      2020-06-09 13:47:54.852291 8.0538  
TARGET_DU:Rotation-ActVel      2020-06-09 13:47:55.352342 8.0967  
TARGET_DU:Rotation-ActVel      2020-06-09 13:47:55.853353 8.0252  
TARGET_DU:Rotation-ActVel      2020-06-09 13:47:56.352397 8.1074  
TARGET_DU:Rotation-ActVel      2020-06-09 13:47:56.852436 8.1182  
TARGET_DU:Rotation-ActVel      2020-06-09 13:47:57.352491 8.0574  
TARGET_DU:Rotation-ActVel      2020-06-09 13:47:57.852526 8.1182  
TARGET_DU:Rotation-ActVel      2020-06-09 13:47:58.352502 8.2111  
TARGET_DU:Rotation-ActVel      2020-06-09 13:47:58.852590 8.1539  
TARGET_DU:Rotation-ActVel      2020-06-09 13:47:59.352701 8.1575  
TARGET_DU:Rotation-ActVel      2020-06-09 13:47:59.852703 8.2147  
TARGET_DU:Rotation-ActVel      2020-06-09 13:48:00.352684 8.1575  
TARGET_DU:Rotation-ActVel      2020-06-09 13:48:00.852791 8.2612  
TARGET_DU:Rotation-ActVel      2020-06-09 13:48:01.352812 8.2862  
TARGET_DU:Rotation-ActVel      2020-06-09 13:48:01.852831 8.3435  
TARGET_DU:Rotation-ActVel      2020-06-09 13:48:02.352869 8.3363  
TARGET_DU:Rotation-ActVel      2020-06-09 13:48:02.852929 8.2862  
TARGET_DU:Rotation-ActVel      2020-06-09 13:48:03.352143 8.3399  
TARGET_DU:Rotation-ActVel      2020-06-09 13:48:03.852147 8.3256  
TARGET_DU:Rotation-ActVel      2020-06-09 13:48:04.352141 8.3542  
TARGET_DU:Rotation-ActVel      2020-06-09 13:48:04.852087 8.4615  
TARGET_DU:Rotation-ActVel      2020-06-09 13:48:05.352141 8.4114  
TARGET_DU:Rotation-ActVel      2020-06-09 13:48:05.852216 8.39  
TARGET_DU:Rotation-ActVel      2020-06-09 13:48:06.352192 8.3756  
TARGET_DU:Rotation-ActVel      2020-06-09 13:48:06.852219 8.4221  
TARGET_DU:Rotation-ActVel      2020-06-09 13:48:07.352298 8.3792  
TARGET_DU:Rotation-ActVel      2020-06-09 13:48:07.852304 8.4758  
TARGET_DU:Rotation-ActVel      2020-06-09 13:48:08.352364 8.4901  
TARGET_DU:Rotation-ActVel      2020-06-09 13:48:08.852397 8.4436  
TARGET_DU:Rotation-ActVel      2020-06-09 13:48:09.352448 8.5437  
TARGET_DU:Rotation-ActVel      2020-06-09 13:48:09.852496 8.508  
TARGET_DU:Rotation-ActVel      2020-06-09 13:48:10.352504 8.5437  
TARGET_DU:Rotation-ActVel      2020-06-09 13:48:10.852504 8.5974  
TARGET_DU:Rotation-ActVel      2020-06-09 13:48:11.352628 8.5223  
TARGET_DU:Rotation-ActVel      2020-06-09 13:48:11.852639 8.5938  
TARGET_DU:Rotation-ActVel      2020-06-09 13:48:12.352531 8.5831  
TARGET_DU:Rotation-ActVel      2020-06-09 13:48:12.853718 8.6117  
TARGET_DU:Rotation-ActVel      2020-06-09 13:48:13.352757 8.651  
TARGET_DU:Rotation-ActVel      2020-06-09 13:48:13.852829 8.6117  
TARGET_DU:Rotation-ActVel      2020-06-09 13:48:14.852818 8.7297  
TARGET_DU:Rotation-ActVel      2020-06-09 13:48:15.352888 8.6188  
TARGET_DU:Rotation-ActVel      2020-06-09 13:48:15.853940 8.6975  
TARGET_DU:Rotation-ActVel      2020-06-09 13:48:16.353017 8.6939  
TARGET_DU:Rotation-ActVel      2020-06-09 13:48:16.853024 8.7762  
TARGET_DU:Rotation-ActVel      2020-06-09 13:48:17.353193 8.7154  
TARGET_DU:Rotation-ActVel      2020-06-09 13:48:17.852318 8.7261  
TARGET_DU:Rotation-ActVel      2020-06-09 13:48:18.352244 8.7726  
TARGET_DU:Rotation-ActVel      2020-06-09 13:48:18.852238 8.6725  
TARGET_DU:Rotation-ActVel      2020-06-09 13:48:19.352225 8.744  
TARGET_DU:Rotation-ActVel      2020-06-09 13:48:19.852277 8.7905  
TARGET_DU:Rotation-ActVel      2020-06-09 13:48:20.352264 8.8656  
TARGET_DU:Rotation-ActVel      2020-06-09 13:48:20.852376 8.8263  
TARGET_DU:Rotation-ActVel      2020-06-09 13:48:21.352398 8.769  
TARGET_DU:Rotation-ActVel      2020-06-09 13:48:21.852383 8.8084  
TARGET_DU:Rotation-ActVel      2020-06-09 13:48:22.352482 8.8477  
TARGET_DU:Rotation-ActVel      2020-06-09 13:48:22.852483 8.7976  
TARGET_DU:Rotation-ActVel      2020-06-09 13:48:23.352548 8.8835  
TARGET_DU:Rotation-ActVel      2020-06-09 13:48:23.853515 8.8978  
TARGET_DU:Rotation-ActVel      2020-06-09 13:48:24.352648 8.955  
TARGET_DU:Rotation-ActVel      2020-06-09 13:48:24.852569 8.93  
TARGET_DU:Rotation-ActVel      2020-06-09 13:48:25.352718 8.9622  
TARGET_DU:Rotation-ActVel      2020-06-09 13:48:25.852797 8.9371  
TARGET_DU:Rotation-ActVel      2020-06-09 13:48:26.352704 8.9014  
TARGET_DU:Rotation-ActVel      2020-06-09 13:48:26.852831 8.9407  
TARGET_DU:Rotation-ActVel      2020-06-09 13:48:27.352861 8.9371  
TARGET_DU:Rotation-ActVel      2020-06-09 13:48:27.852871 8.9586  
TARGET_DU:Rotation-ActVel      2020-06-09 13:48:28.352930 9.0158  
TARGET_DU:Rotation-ActVel      2020-06-09 13:48:28.852960 9.0373  
TARGET_DU:Rotation-ActVel      2020-06-09 13:48:29.353032 9.0516  
TARGET_DU:Rotation-ActVel      2020-06-09 13:48:29.853119 9.0265  
TARGET_DU:Rotation-ActVel      2020-06-09 13:48:30.353350 9.0051  
TARGET_DU:Rotation-ActVel      2020-06-09 13:48:30.853142 9.0301  
TARGET_DU:Rotation-ActVel      2020-06-09 13:48:31.353199 9.0551  
TARGET_DU:Rotation-ActVel      2020-06-09 13:48:31.853370 9.1302  
TARGET_DU:Rotation-ActVel      2020-06-09 13:48:32.352492 9.0587  
TARGET_DU:Rotation-ActVel      2020-06-09 13:48:32.852426 9.0873  
TARGET_DU:Rotation-ActVel      2020-06-09 13:48:33.352527 9.1124  
TARGET_DU:Rotation-ActVel      2020-06-09 13:48:33.852463 9.1159  
TARGET_DU:Rotation-ActVel      2020-06-09 13:48:34.352389 9.0945  
TARGET_DU:Rotation-ActVel      2020-06-09 13:48:34.852483 9.1302  
TARGET_DU:Rotation-ActVel      2020-06-09 13:48:35.352550 9.1481  
TARGET_DU:Rotation-ActVel      2020-06-09 13:48:35.852525 9.0945  
TARGET_DU:Rotation-ActVel      2020-06-09 13:48:36.352551 9.1302  
TARGET_DU:Rotation-ActVel      2020-06-09 13:48:36.852695 9.1159  
TARGET_DU:Rotation-ActVel      2020-06-09 13:48:37.352612 9.1338  
TARGET_DU:Rotation-ActVel      2020-06-09 13:48:37.852716 9.1589  
TARGET_DU:Rotation-ActVel      2020-06-09 13:48:38.353770 9.1624  
TARGET_DU:Rotation-ActVel      2020-06-09 13:48:38.852794 9.2268  
TARGET_DU:Rotation-ActVel      2020-06-09 13:48:39.352821 9.191  
TARGET_DU:Rotation-ActVel      2020-06-09 13:48:39.852863 9.166  
TARGET_DU:Rotation-ActVel      2020-06-09 13:48:40.352916 9.2304  
TARGET_DU:Rotation-ActVel      2020-06-09 13:48:40.853949 9.2447  
TARGET_DU:Rotation-ActVel      2020-06-09 13:48:41.352985 9.1946  
TARGET_DU:Rotation-ActVel      2020-06-09 13:48:41.853022 9.3019  
TARGET_DU:Rotation-ActVel      2020-06-09 13:48:42.353056 9.3091  
TARGET_DU:Rotation-ActVel      2020-06-09 13:48:42.853087 9.2554  
TARGET_DU:Rotation-ActVel      2020-06-09 13:48:43.353223 9.3019  
TARGET_DU:Rotation-ActVel      2020-06-09 13:48:43.853164 9.3055  
TARGET_DU:Rotation-ActVel      2020-06-09 13:48:44.353183 9.284  
TARGET_DU:Rotation-ActVel      2020-06-09 13:48:44.853298 9.2733  
TARGET_DU:Rotation-ActVel      2020-06-09 13:48:45.853363 9.2554  
TARGET_DU:Rotation-ActVel      2020-06-09 13:48:46.353478 9.2769  
TARGET_DU:Rotation-ActVel      2020-06-09 13:48:46.852681 9.3234  
TARGET_DU:Rotation-ActVel      2020-06-09 13:48:47.352523 9.352  
TARGET_DU:Rotation-ActVel      2020-06-09 13:48:47.852584 9.2947  
TARGET_DU:Rotation-ActVel      2020-06-09 13:48:48.352454 9.3091  
TARGET_DU:Rotation-ActVel      2020-06-09 13:48:48.852484 9.2947  
TARGET_DU:Rotation-ActVel      2020-06-09 13:48:49.352438 9.3806  
TARGET_DU:Rotation-ActVel      2020-06-09 13:48:49.852490 9.2697  
TARGET_DU:Rotation-ActVel      2020-06-09 13:48:50.352523 9.3806  
TARGET_DU:Rotation-ActVel      2020-06-09 13:48:50.852562 9.3913  
TARGET_DU:Rotation-ActVel      2020-06-09 13:48:51.352634 9.4271  
TARGET_DU:Rotation-ActVel      2020-06-09 13:48:51.852722 9.3377  
TARGET_DU:Rotation-ActVel      2020-06-09 13:48:52.352769 9.4235  
TARGET_DU:Rotation-ActVel      2020-06-09 13:48:52.852766 9.4306  
TARGET_DU:Rotation-ActVel      2020-06-09 13:48:53.352873 9.3734  
TARGET_DU:Rotation-ActVel      2020-06-09 13:48:53.852985 9.3412  
TARGET_DU:Rotation-ActVel      2020-06-09 13:48:54.352991 9.5236  
TARGET_DU:Rotation-ActVel      2020-06-09 13:48:54.854073 9.3627  
TARGET_DU:Rotation-ActVel      2020-06-09 13:48:55.353138 9.4736  
TARGET_DU:Rotation-ActVel      2020-06-09 13:48:55.853132 9.4664  
TARGET_DU:Rotation-ActVel      2020-06-09 13:48:56.353163 9.4378  
TARGET_DU:Rotation-ActVel      2020-06-09 13:48:56.853215 9.4342  
TARGET_DU:Rotation-ActVel      2020-06-09 13:48:57.353317 9.4664  
TARGET_DU:Rotation-ActVel      2020-06-09 13:48:57.854287 9.4521  
TARGET_DU:Rotation-ActVel      2020-06-09 13:48:58.353377 9.4771  
TARGET_DU:Rotation-ActVel      2020-06-09 13:48:59.353402 9.4163  
TARGET_DU:Rotation-ActVel      2020-06-09 13:48:59.853445 9.4414  
TARGET_DU:Rotation-ActVel      2020-06-09 13:49:00.353503 9.4593  
TARGET_DU:Rotation-ActVel      2020-06-09 13:49:00.854498 9.4557  
TARGET_DU:Rotation-ActVel      2020-06-09 13:49:01.352759 9.5344  
TARGET_DU:Rotation-ActVel      2020-06-09 13:49:01.852744 9.4557  
TARGET_DU:Rotation-ActVel      2020-06-09 13:49:02.352809 9.4807  
TARGET_DU:Rotation-ActVel      2020-06-09 13:49:02.852748 9.4879  
TARGET_DU:Rotation-ActVel      2020-06-09 13:49:03.352628 9.4736  
TARGET_DU:Rotation-ActVel      2020-06-09 13:49:03.852772 9.5308  
TARGET_DU:Rotation-ActVel      2020-06-09 13:49:04.352824 9.5558  
TARGET_DU:Rotation-ActVel      2020-06-09 13:49:04.852872 9.6059  
TARGET_DU:Rotation-ActVel      2020-06-09 13:49:05.352928 9.5987  
TARGET_DU:Rotation-ActVel      2020-06-09 13:49:05.852846 9.5379  
TARGET_DU:Rotation-ActVel      2020-06-09 13:49:06.352967 9.5665  
TARGET_DU:Rotation-ActVel      2020-06-09 13:49:06.853063 9.5558  
TARGET_DU:Rotation-ActVel      2020-06-09 13:49:07.353063 9.563  
TARGET_DU:Rotation-ActVel      2020-06-09 13:49:07.853073 9.5522  
TARGET_DU:Rotation-ActVel      2020-06-09 13:49:08.353163 9.588  
TARGET_DU:Rotation-ActVel      2020-06-09 13:49:08.853152 9.5522  
TARGET_DU:Rotation-ActVel      2020-06-09 13:49:09.353326 9.5057  
TARGET_DU:Rotation-ActVel      2020-06-09 13:49:09.853168 9.588  
TARGET_DU:Rotation-ActVel      2020-06-09 13:49:10.353163 9.563  
TARGET_DU:Rotation-ActVel      2020-06-09 13:49:10.853360 9.5165  
TARGET_DU:Rotation-ActVel      2020-06-09 13:49:11.353370 9.6381  
TARGET_DU:Rotation-ActVel      2020-06-09 13:49:11.853365 9.6202  
TARGET_DU:Rotation-ActVel      2020-06-09 13:49:12.353418 9.6452  
TARGET_DU:Rotation-ActVel      2020-06-09 13:49:12.853472 9.6595  
TARGET_DU:Rotation-ActVel      2020-06-09 13:49:13.353528 9.6345  
TARGET_DU:Rotation-ActVel      2020-06-09 13:49:13.853655 9.6881  
TARGET_DU:Rotation-ActVel      2020-06-09 13:49:14.353528 9.6416  
TARGET_DU:Rotation-ActVel      2020-06-09 13:49:15.353629 9.6881  
TARGET_DU:Rotation-ActVel      2020-06-09 13:49:15.852890 9.6059  
TARGET_DU:Rotation-ActVel      2020-06-09 13:49:16.352969 9.6881  
TARGET_DU:Rotation-ActVel      2020-06-09 13:49:16.852819 9.6953  
TARGET_DU:Rotation-ActVel      2020-06-09 13:49:17.352892 9.6309  
TARGET_DU:Rotation-ActVel      2020-06-09 13:49:17.852843 9.6738  
TARGET_DU:Rotation-ActVel      2020-06-09 13:49:18.352890 9.5737  
TARGET_DU:Rotation-ActVel      2020-06-09 13:49:18.852993 9.6345  
TARGET_DU:Rotation-ActVel      2020-06-09 13:49:19.353014 9.7024  
TARGET_DU:Rotation-ActVel      2020-06-09 13:49:19.853047 9.6452  
TARGET_DU:Rotation-ActVel      2020-06-09 13:49:20.353102 9.6488  
TARGET_DU:Rotation-ActVel      2020-06-09 13:49:20.853067 9.706  
TARGET_DU:Rotation-ActVel      2020-06-09 13:49:21.353162 9.7418  
TARGET_DU:Rotation-ActVel      2020-06-09 13:49:21.853204 9.6202  
TARGET_DU:Rotation-ActVel      2020-06-09 13:49:22.353232 9.7167  
TARGET_DU:Rotation-ActVel      2020-06-09 13:49:22.854221 9.6631  
TARGET_DU:Rotation-ActVel      2020-06-09 13:49:23.354313 9.6703  
TARGET_DU:Rotation-ActVel      2020-06-09 13:49:23.853357 9.6452  
TARGET_DU:Rotation-ActVel      2020-06-09 13:49:24.353416 9.6774  
TARGET_DU:Rotation-ActVel      2020-06-09 13:49:24.853403 9.7704  
TARGET_DU:Rotation-ActVel      2020-06-09 13:49:25.353314 9.7382  
TARGET_DU:Rotation-ActVel      2020-06-09 13:49:25.853471 9.7239  
TARGET_DU:Rotation-ActVel      2020-06-09 13:49:26.354441 9.706  
TARGET_DU:Rotation-ActVel      2020-06-09 13:49:26.853530 9.7775  
TARGET_DU:Rotation-ActVel      2020-06-09 13:49:27.353561 9.7525  
TARGET_DU:Rotation-ActVel      2020-06-09 13:49:27.853694 9.7024  
TARGET_DU:Rotation-ActVel      2020-06-09 13:49:28.353694 9.6953  
TARGET_DU:Rotation-ActVel      2020-06-09 13:49:28.853791 9.8097  
TARGET_DU:Rotation-ActVel      2020-06-09 13:49:29.353804 9.7525  
TARGET_DU:Rotation-ActVel      2020-06-09 13:49:30.353034 9.7346  
TARGET_DU:Rotation-ActVel      2020-06-09 13:49:30.853067 9.7239  
TARGET_DU:Rotation-ActVel      2020-06-09 13:49:31.353075 9.7704  
TARGET_DU:Rotation-ActVel      2020-06-09 13:49:31.853041 9.7346  
TARGET_DU:Rotation-ActVel      2020-06-09 13:49:32.353057 9.7275  
TARGET_DU:Rotation-ActVel      2020-06-09 13:49:32.853063 9.7346  
TARGET_DU:Rotation-ActVel      2020-06-09 13:49:33.353109 9.7775  
TARGET_DU:Rotation-ActVel      2020-06-09 13:49:33.853100 9.8026  
TARGET_DU:Rotation-ActVel      2020-06-09 13:49:34.353186 9.8312  
TARGET_DU:Rotation-ActVel      2020-06-09 13:49:34.853170 9.8133  
TARGET_DU:Rotation-ActVel      2020-06-09 13:49:35.353267 9.7811  
TARGET_DU:Rotation-ActVel      2020-06-09 13:49:35.853254 9.7132  
TARGET_DU:Rotation-ActVel      2020-06-09 13:49:36.353341 9.7704  
TARGET_DU:Rotation-ActVel      2020-06-09 13:49:36.853381 9.8133  
TARGET_DU:Rotation-ActVel      2020-06-09 13:49:37.354419 9.8062  
TARGET_DU:Rotation-ActVel      2020-06-09 13:49:38.353497 9.8348  
TARGET_DU:Rotation-ActVel      2020-06-09 13:49:38.853568 9.8741  
TARGET_DU:Rotation-ActVel      2020-06-09 13:49:39.353551 9.867  
TARGET_DU:Rotation-ActVel      2020-06-09 13:49:39.853565 9.8312  
TARGET_DU:Rotation-ActVel      2020-06-09 13:49:40.354717 9.824  
TARGET_DU:Rotation-ActVel      2020-06-09 13:49:40.853693 9.7883  
TARGET_DU:Rotation-ActVel      2020-06-09 13:49:41.353769 9.8419  
TARGET_DU:Rotation-ActVel      2020-06-09 13:49:41.853759 9.8133  
TARGET_DU:Rotation-ActVel      2020-06-09 13:49:42.353811 9.8777  
TARGET_DU:Rotation-ActVel      2020-06-09 13:49:42.853846 9.7454  
TARGET_DU:Rotation-ActVel      2020-06-09 13:49:43.353825 9.8813  
TARGET_DU:Rotation-ActVel      2020-06-09 13:49:43.853908 9.8348  
TARGET_DU:Rotation-ActVel      2020-06-09 13:49:44.353956 9.8705  
TARGET_DU:Rotation-ActVel      2020-06-09 13:49:44.853179 9.7561  
TARGET_DU:Rotation-ActVel      2020-06-09 13:49:45.353213 9.8205  
TARGET_DU:Rotation-ActVel      2020-06-09 13:49:45.853126 9.8097  
TARGET_DU:Rotation-ActVel      2020-06-09 13:49:46.353191 9.8419  
TARGET_DU:Rotation-ActVel      2020-06-09 13:49:46.853235 9.8813  
TARGET_DU:Rotation-ActVel      2020-06-09 13:49:47.353224 9.8848  
TARGET_DU:Rotation-ActVel      2020-06-09 13:49:47.853245 9.8455  
TARGET_DU:Rotation-ActVel      2020-06-09 13:49:48.353337 9.8419  
TARGET_DU:Rotation-ActVel      2020-06-09 13:49:48.853294 9.8455  
TARGET_DU:Rotation-ActVel      2020-06-09 13:49:49.353384 9.8097  
TARGET_DU:Rotation-ActVel      2020-06-09 13:49:49.853403 9.8455  
TARGET_DU:Rotation-ActVel      2020-06-09 13:49:50.854514 9.9063  
TARGET_DU:Rotation-ActVel      2020-06-09 13:49:51.354524 9.8598  
TARGET_DU:Rotation-ActVel      2020-06-09 13:49:51.853564 9.8169  
TARGET_DU:Rotation-ActVel      2020-06-09 13:49:52.353615 9.9027  
TARGET_DU:Rotation-ActVel      2020-06-09 13:49:52.853590 9.8062  
TARGET_DU:Rotation-ActVel      2020-06-09 13:49:53.353682 9.8455  
TARGET_DU:Rotation-ActVel      2020-06-09 13:49:53.853730 9.7811  
TARGET_DU:Rotation-ActVel      2020-06-09 13:49:54.353853 9.8634  
TARGET_DU:Rotation-ActVel      2020-06-09 13:49:54.853832 9.8884  
TARGET_DU:Rotation-ActVel      2020-06-09 13:49:55.353828 9.9385  
TARGET_DU:Rotation-ActVel      2020-06-09 13:49:55.853899 9.9027  
TARGET_DU:Rotation-ActVel      2020-06-09 13:49:56.353945 9.9278  
TARGET_DU:Rotation-ActVel      2020-06-09 13:49:56.853983 9.8848  
TARGET_DU:Rotation-ActVel      2020-06-09 13:49:57.354990 9.9099  
TARGET_DU:Rotation-ActVel      2020-06-09 13:49:57.853898 9.8598  
TARGET_DU:Rotation-ActVel      2020-06-09 13:49:58.353963 9.8956  
TARGET_DU:Rotation-ActVel      2020-06-09 13:49:58.854126 9.8598  
TARGET_DU:Rotation-ActVel      2020-06-09 13:49:59.354234 9.9385  
TARGET_DU:Rotation-ActVel      2020-06-09 13:49:59.853348 9.8562  
TARGET_DU:Rotation-ActVel      2020-06-09 13:50:00.353177 9.9349  
TARGET_DU:Rotation-ActVel      2020-06-09 13:50:00.853226 9.9278  
TARGET_DU:Rotation-ActVel      2020-06-09 13:50:01.353291 9.9027  
TARGET_DU:Rotation-ActVel      2020-06-09 13:50:01.853279 9.985  
TARGET_DU:Rotation-ActVel      2020-06-09 13:50:02.353254 9.867  
TARGET_DU:Rotation-ActVel      2020-06-09 13:50:02.853368 9.9814  
TARGET_DU:Rotation-ActVel      2020-06-09 13:50:03.353311 9.9528  
TARGET_DU:Rotation-ActVel      2020-06-09 13:50:03.853366 9.9421  
TARGET_DU:Rotation-ActVel      2020-06-09 13:50:04.353460 9.8848  
TARGET_DU:Rotation-ActVel      2020-06-09 13:50:04.854444 9.9385  
TARGET_DU:Rotation-ActVel      2020-06-09 13:50:05.353490 9.9492  
TARGET_DU:Rotation-ActVel      2020-06-09 13:50:05.853662 9.9063  
TARGET_DU:Rotation-ActVel      2020-06-09 13:50:06.353615 9.9635  
TARGET_DU:Rotation-ActVel      2020-06-09 13:50:06.853671 9.8991  
TARGET_DU:Rotation-ActVel      2020-06-09 13:50:07.353813 9.8491  
TARGET_DU:Rotation-ActVel      2020-06-09 13:50:07.853887 9.9385  
TARGET_DU:Rotation-ActVel      2020-06-09 13:50:08.354875 10.0243  
TARGET_DU:Rotation-ActVel      2020-06-09 13:50:08.853904 10.0386  
TARGET_DU:Rotation-ActVel      2020-06-09 13:50:09.353940 9.9349  
TARGET_DU:Rotation-ActVel      2020-06-09 13:50:09.853959 9.8884  
TARGET_DU:Rotation-ActVel      2020-06-09 13:50:10.353939 9.8991  
TARGET_DU:Rotation-ActVel      2020-06-09 13:50:10.854099 9.9313  
TARGET_DU:Rotation-ActVel      2020-06-09 13:50:11.854154 9.9456  
TARGET_DU:Rotation-ActVel      2020-06-09 13:50:12.354191 9.9349  
TARGET_DU:Rotation-ActVel      2020-06-09 13:50:12.854199 9.9492  
TARGET_DU:Rotation-ActVel      2020-06-09 13:50:13.354315 9.9063  
TARGET_DU:Rotation-ActVel      2020-06-09 13:50:13.854390 9.9456  
TARGET_DU:Rotation-ActVel      2020-06-09 13:50:14.353477 9.9599  
TARGET_DU:Rotation-ActVel      2020-06-09 13:50:14.853495 9.892  
TARGET_DU:Rotation-ActVel      2020-06-09 13:50:15.353485 9.9349  
TARGET_DU:Rotation-ActVel      2020-06-09 13:50:15.853505 10.0064  
TARGET_DU:Rotation-ActVel      2020-06-09 13:50:16.353559 9.9707  
TARGET_DU:Rotation-ActVel      2020-06-09 13:50:16.853513 9.9993  
TARGET_DU:Rotation-ActVel      2020-06-09 13:50:17.353620 10.01  
TARGET_DU:Rotation-ActVel      2020-06-09 13:50:17.853623 9.9349  
TARGET_DU:Rotation-ActVel      2020-06-09 13:50:18.353626 9.9885  
TARGET_DU:Rotation-ActVel      2020-06-09 13:50:18.853743 9.9671  
TARGET_DU:Rotation-ActVel      2020-06-09 13:50:19.354711 9.9707  
TARGET_DU:Rotation-ActVel      2020-06-09 13:50:19.853789 9.9027  
TARGET_DU:Rotation-ActVel      2020-06-09 13:50:20.353752 10.0136  
TARGET_DU:Rotation-ActVel      2020-06-09 13:50:20.853807 9.9778  
TARGET_DU:Rotation-ActVel      2020-06-09 13:50:21.353869 9.9921  
TARGET_DU:Rotation-ActVel      2020-06-09 13:50:21.854939 9.9206  
TARGET_DU:Rotation-ActVel      2020-06-09 13:50:22.353945 9.9385  
TARGET_DU:Rotation-ActVel      2020-06-09 13:50:22.854031 9.9456  
TARGET_DU:Rotation-ActVel      2020-06-09 13:50:23.354052 9.9885  
TARGET_DU:Rotation-ActVel      2020-06-09 13:50:23.854124 10.01  
TARGET_DU:Rotation-ActVel      2020-06-09 13:50:24.355135 10.0315  
TARGET_DU:Rotation-ActVel      2020-06-09 13:50:24.854218 10.0279  
TARGET_DU:Rotation-ActVel      2020-06-09 13:50:25.355255 9.9814  
TARGET_DU:Rotation-ActVel      2020-06-09 13:50:25.854291 9.9456  
TARGET_DU:Rotation-ActVel      2020-06-09 13:50:26.354298 9.9742  
TARGET_DU:Rotation-ActVel      2020-06-09 13:50:26.854290 10.0064  
TARGET_DU:Rotation-ActVel      2020-06-09 13:50:27.354369 9.9921  
TARGET_DU:Rotation-ActVel      2020-06-09 13:50:27.854481 9.9492  
TARGET_DU:Rotation-ActVel      2020-06-09 13:50:28.353626 9.9599  
TARGET_DU:Rotation-ActVel      2020-06-09 13:50:28.853646 9.9671  
TARGET_DU:Rotation-ActVel      2020-06-09 13:50:29.353623 10.0458  
TARGET_DU:Rotation-ActVel      2020-06-09 13:50:29.853677 10.035  
TARGET_DU:Rotation-ActVel      2020-06-09 13:50:30.353480 10.0029  
TARGET_DU:Rotation-ActVel      2020-06-09 13:50:30.853652 9.9921  
TARGET_DU:Rotation-ActVel      2020-06-09 13:50:31.353688 9.9957  
TARGET_DU:Rotation-ActVel      2020-06-09 13:50:31.853784 10.1101  
TARGET_DU:Rotation-ActVel      2020-06-09 13:50:32.353819 9.9313  
TARGET_DU:Rotation-ActVel      2020-06-09 13:50:32.853799 10.0136  
TARGET_DU:Rotation-ActVel      2020-06-09 13:50:33.853911 9.9564  
TARGET_DU:Rotation-ActVel      2020-06-09 13:50:34.353971 10.01  
TARGET_DU:Rotation-ActVel      2020-06-09 13:50:34.854039 9.9885  
TARGET_DU:Rotation-ActVel      2020-06-09 13:50:35.354040 10.0744  
TARGET_DU:Rotation-ActVel      2020-06-09 13:50:35.854127 9.9742  
TARGET_DU:Rotation-ActVel      2020-06-09 13:50:36.354136 9.9957  
TARGET_DU:Rotation-ActVel      2020-06-09 13:50:36.854147 10.0458  
TARGET_DU:Rotation-ActVel      2020-06-09 13:50:37.354192 9.9778  
TARGET_DU:Rotation-ActVel      2020-06-09 13:50:37.854226 10.0493  
TARGET_DU:Rotation-ActVel      2020-06-09 13:50:38.354292 9.8741  
TARGET_DU:Rotation-ActVel      2020-06-09 13:50:38.854314 10.0672  
TARGET_DU:Rotation-ActVel      2020-06-09 13:50:39.355243 9.9707  
TARGET_DU:Rotation-ActVel      2020-06-09 13:50:39.854393 9.9528  
TARGET_DU:Rotation-ActVel      2020-06-09 13:50:40.354393 9.9885  
TARGET_DU:Rotation-ActVel      2020-06-09 13:50:40.854435 9.985  
TARGET_DU:Rotation-ActVel      2020-06-09 13:50:41.354500 10.0029  
TARGET_DU:Rotation-ActVel      2020-06-09 13:50:41.854538 9.9778  
TARGET_DU:Rotation-ActVel      2020-06-09 13:50:42.355556 9.9385  
TARGET_DU:Rotation-ActVel      2020-06-09 13:50:42.853796 10.0386  
TARGET_DU:Rotation-ActVel      2020-06-09 13:50:43.353758 9.9492  
TARGET_DU:Rotation-ActVel      2020-06-09 13:50:43.854041 10.0136  
TARGET_DU:Rotation-ActVel      2020-06-09 13:50:44.353726 9.9742  
TARGET_DU:Rotation-ActVel      2020-06-09 13:50:44.853697 9.9921  
TARGET_DU:Rotation-ActVel      2020-06-09 13:50:45.353791 9.9993  
TARGET_DU:Rotation-ActVel      2020-06-09 13:50:45.853741 9.9671  
TARGET_DU:Rotation-ActVel      2020-06-09 13:50:46.353875 10.0243  
TARGET_DU:Rotation-ActVel      2020-06-09 13:50:46.853890 10.035  
TARGET_DU:Rotation-ActVel      2020-06-09 13:50:47.353944 10.0064  
TARGET_DU:Rotation-ActVel      2020-06-09 13:50:47.853964 10.0422  
TARGET_DU:Rotation-ActVel      2020-06-09 13:50:48.354022 10.0493  
TARGET_DU:Rotation-ActVel      2020-06-09 13:50:48.853981 9.9671  
TARGET_DU:Rotation-ActVel      2020-06-09 13:50:49.354149 10.0029  
TARGET_DU:Rotation-ActVel      2020-06-09 13:50:49.854190 9.9885  
TARGET_DU:Rotation-ActVel      2020-06-09 13:50:50.354161 10.0029  
TARGET_DU:Rotation-ActVel      2020-06-09 13:50:50.854223 10.0064  
TARGET_DU:Rotation-ActVel      2020-06-09 13:50:51.354245 10.0136  
TARGET_DU:Rotation-ActVel      2020-06-09 13:50:51.854299 9.9921  
TARGET_DU:Rotation-ActVel      2020-06-09 13:50:52.354437 10.0207  
TARGET_DU:Rotation-ActVel      2020-06-09 13:50:52.854425 10.0315  
TARGET_DU:Rotation-ActVel      2020-06-09 13:50:53.354448 9.9707  
TARGET_DU:Rotation-ActVel      2020-06-09 13:50:53.854278 10.0923  
TARGET_DU:Rotation-ActVel      2020-06-09 13:50:54.354531 10.0172  
TARGET_DU:Rotation-ActVel      2020-06-09 13:50:54.854657 10.0029  
TARGET_DU:Rotation-ActVel      2020-06-09 13:50:55.354617 9.9993  
TARGET_DU:Rotation-ActVel      2020-06-09 13:50:55.854651 10.0493  
TARGET_DU:Rotation-ActVel      2020-06-09 13:50:56.354709 9.9528  
TARGET_DU:Rotation-ActVel      2020-06-09 13:50:56.854776 9.9456  
TARGET_DU:Rotation-ActVel      2020-06-09 13:50:57.353925 9.8956  
TARGET_DU:Rotation-ActVel      2020-06-09 13:50:57.853943 10.0243  
TARGET_DU:Rotation-ActVel      2020-06-09 13:50:58.353974 9.9778  
TARGET_DU:Rotation-ActVel      2020-06-09 13:50:58.853972 10.0207  
TARGET_DU:Rotation-ActVel      2020-06-09 13:50:59.353965 9.9778  
TARGET_DU:Rotation-ActVel      2020-06-09 13:50:59.854023 10.0422  
TARGET_DU:Rotation-ActVel      2020-06-09 13:51:00.853977 9.9599  
TARGET_DU:Rotation-ActVel      2020-06-09 13:51:01.354064 10.0493  
TARGET_DU:Rotation-ActVel      2020-06-09 13:51:01.854101 10.0243  
TARGET_DU:Rotation-ActVel      2020-06-09 13:51:02.354193 10.0422  
TARGET_DU:Rotation-ActVel      2020-06-09 13:51:02.854185 9.9742  
TARGET_DU:Rotation-ActVel      2020-06-09 13:51:03.354250 10.0064  
TARGET_DU:Rotation-ActVel      2020-06-09 13:51:03.854312 9.9742  
TARGET_DU:Rotation-ActVel      2020-06-09 13:51:04.354333 9.9564  
TARGET_DU:Rotation-ActVel      2020-06-09 13:51:04.855383 10.0493  
TARGET_DU:Rotation-ActVel      2020-06-09 13:51:05.854416 9.985  
TARGET_DU:Rotation-ActVel      2020-06-09 13:51:06.355530 9.9635  
TARGET_DU:Rotation-ActVel      2020-06-09 13:51:06.854513 9.9707  
TARGET_DU:Rotation-ActVel      2020-06-09 13:51:07.354558 10.0815  
TARGET_DU:Rotation-ActVel      2020-06-09 13:51:07.854624 9.9742  
TARGET_DU:Rotation-ActVel      2020-06-09 13:51:08.354563 9.9671  
TARGET_DU:Rotation-ActVel      2020-06-09 13:51:08.854708 9.9993  
TARGET_DU:Rotation-ActVel      2020-06-09 13:51:09.354724 9.9885  
TARGET_DU:Rotation-ActVel      2020-06-09 13:51:09.854756 10.0029  
TARGET_DU:Rotation-ActVel      2020-06-09 13:51:10.355080 10.0136  
TARGET_DU:Rotation-ActVel      2020-06-09 13:51:10.854839 10.0064  
TARGET_DU:Rotation-ActVel      2020-06-09 13:51:11.354887 9.985  
TARGET_DU:Rotation-ActVel      2020-06-09 13:51:11.854131 10.0315  
TARGET_DU:Rotation-ActVel      2020-06-09 13:51:12.354086 9.9778  
TARGET_DU:Rotation-ActVel      2020-06-09 13:51:12.854313 9.9349  
TARGET_DU:Rotation-ActVel      2020-06-09 13:51:13.354160 10.0493  
TARGET_DU:Rotation-ActVel      2020-06-09 13:51:13.854116 10.0029  
TARGET_DU:Rotation-ActVel      2020-06-09 13:51:14.354191 10.0136  
TARGET_DU:Rotation-ActVel      2020-06-09 13:51:14.854290 9.9206  
TARGET_DU:Rotation-ActVel      2020-06-09 13:51:15.354186 10.0315  
TARGET_DU:Rotation-ActVel      2020-06-09 13:51:15.854214 9.9921  
TARGET_DU:Rotation-ActVel      2020-06-09 13:51:16.354215 9.9599  
TARGET_DU:Rotation-ActVel      2020-06-09 13:51:16.854332 10.0172  
TARGET_DU:Rotation-ActVel      2020-06-09 13:51:17.354282 9.9885  
TARGET_DU:Rotation-ActVel      2020-06-09 13:51:17.854342 9.9456  
TARGET_DU:Rotation-ActVel      2020-06-09 13:51:18.354443 9.9492  
TARGET_DU:Rotation-ActVel      2020-06-09 13:51:18.855479 9.985  
TARGET_DU:Rotation-ActVel      2020-06-09 13:51:19.354511 9.9957  
TARGET_DU:Rotation-ActVel      2020-06-09 13:51:19.854568 9.9528  
TARGET_DU:Rotation-ActVel      2020-06-09 13:51:20.354582 10.0422  
TARGET_DU:Rotation-ActVel      2020-06-09 13:51:20.854633 10.0207  
TARGET_DU:Rotation-ActVel      2020-06-09 13:51:21.355717 9.9921  
TARGET_DU:Rotation-ActVel      2020-06-09 13:51:21.854695 9.9993  
TARGET_DU:Rotation-ActVel      2020-06-09 13:51:22.354762 9.9814  
TARGET_DU:Rotation-ActVel      2020-06-09 13:51:22.854629 9.9921  
TARGET_DU:Rotation-ActVel      2020-06-09 13:51:23.354651 9.9957  
TARGET_DU:Rotation-ActVel      2020-06-09 13:51:23.855824 10.0029  
TARGET_DU:Rotation-ActVel      2020-06-09 13:51:24.854793 10.0493  
TARGET_DU:Rotation-ActVel      2020-06-09 13:51:25.354832 9.9456  
TARGET_DU:Rotation-ActVel      2020-06-09 13:51:25.854847 9.9492  
TARGET_DU:Rotation-ActVel      2020-06-09 13:51:26.354109 10.0529  
TARGET_DU:Rotation-ActVel      2020-06-09 13:51:26.854120 10.0029  
TARGET_DU:Rotation-ActVel      2020-06-09 13:51:27.354161 10.0887  
TARGET_DU:Rotation-ActVel      2020-06-09 13:51:27.854191 10.0386  
TARGET_DU:Rotation-ActVel      2020-06-09 13:51:28.354343 9.9599  
TARGET_DU:Rotation-ActVel      2020-06-09 13:51:28.854265 9.9921  
TARGET_DU:Rotation-ActVel      2020-06-09 13:51:29.354304 10.0172  
TARGET_DU:Rotation-ActVel      2020-06-09 13:51:29.854347 10.01  
TARGET_DU:Rotation-ActVel      2020-06-09 13:51:30.354399 9.9707  
TARGET_DU:Rotation-ActVel      2020-06-09 13:51:30.854415 10.0136  
TARGET_DU:Rotation-ActVel      2020-06-09 13:51:31.354472 10.0172  
TARGET_DU:Rotation-ActVel      2020-06-09 13:51:31.854476 9.9492  
TARGET_DU:Rotation-ActVel      2020-06-09 13:51:32.354549 10.0851  
TARGET_DU:Rotation-ActVel      2020-06-09 13:51:32.854734 9.9957  
TARGET_DU:Rotation-ActVel      2020-06-09 13:51:33.354608 9.9313  
TARGET_DU:Rotation-ActVel      2020-06-09 13:51:33.854651 10.0064  
TARGET_DU:Rotation-ActVel      2020-06-09 13:51:35.354619 9.9528  
TARGET_DU:Rotation-ActVel      2020-06-09 13:51:35.855866 9.9885  
TARGET_DU:Rotation-ActVel      2020-06-09 13:51:36.354857 9.9921  
TARGET_DU:Rotation-ActVel      2020-06-09 13:51:37.854965 10.0386  
TARGET_DU:Rotation-ActVel      2020-06-09 13:51:38.355021 9.9313  
TARGET_DU:Rotation-ActVel      2020-06-09 13:51:38.855515 9.9528  
TARGET_DU:Rotation-ActVel      2020-06-09 13:51:39.355097 10.0207  
TARGET_DU:Rotation-ActVel      2020-06-09 13:51:39.855129 9.9456  
TARGET_DU:Rotation-ActVel      2020-06-09 13:51:40.355204 9.9778  
TARGET_DU:Rotation-ActVel      2020-06-09 13:51:40.854514 10.0064  
TARGET_DU:Rotation-ActVel      2020-06-09 13:51:41.354447 9.9599  
TARGET_DU:Rotation-ActVel      2020-06-09 13:51:41.854406 9.9742  
TARGET_DU:Rotation-ActVel      2020-06-09 13:51:42.354478 9.9993  
TARGET_DU:Rotation-ActVel      2020-06-09 13:51:42.854406 9.9635  
TARGET_DU:Rotation-ActVel      2020-06-09 13:51:43.354497 10.0529  
TARGET_DU:Rotation-ActVel      2020-06-09 13:51:43.854359 10.0636  
TARGET_DU:Rotation-ActVel      2020-06-09 13:51:44.354479 10.0923  
TARGET_DU:Rotation-ActVel      2020-06-09 13:51:44.854522 10.0029  
TARGET_DU:Rotation-ActVel      2020-06-09 13:51:45.354550 10.035  
TARGET_DU:Rotation-ActVel      2020-06-09 13:51:45.854618 10.0279  
TARGET_DU:Rotation-ActVel      2020-06-09 13:51:46.855713 10.0493  
TARGET_DU:Rotation-ActVel      2020-06-09 13:51:47.354768 9.9742  
TARGET_DU:Rotation-ActVel      2020-06-09 13:51:47.854806 10.0279  
TARGET_DU:Rotation-ActVel      2020-06-09 13:51:48.354802 10.1066  
TARGET_DU:Rotation-ActVel      2020-06-09 13:51:48.854874 9.9564  
TARGET_DU:Rotation-ActVel      2020-06-09 13:51:49.354882 9.9993  
TARGET_DU:Rotation-ActVel      2020-06-09 13:51:50.354992 9.9671  
TARGET_DU:Rotation-ActVel      2020-06-09 13:51:50.855045 9.9206  
TARGET_DU:Rotation-ActVel      2020-06-09 13:51:51.355028 10.01  
TARGET_DU:Rotation-ActVel      2020-06-09 13:51:51.855084 9.9742  
TARGET_DU:Rotation-ActVel      2020-06-09 13:51:52.355132 10.0172  
TARGET_DU:Rotation-ActVel      2020-06-09 13:51:52.855502 10.0243  
TARGET_DU:Rotation-ActVel      2020-06-09 13:51:53.355240 10.0064  
TARGET_DU:Rotation-ActVel      2020-06-09 13:51:53.855239 10.0458  
TARGET_DU:Rotation-ActVel      2020-06-09 13:51:54.855358 9.9099  
TARGET_DU:Rotation-ActVel      2020-06-09 13:51:55.354570 10.0386  
TARGET_DU:Rotation-ActVel      2020-06-09 13:51:55.854643 10.0887  
TARGET_DU:Rotation-ActVel      2020-06-09 13:51:56.354545 10.0064  
TARGET_DU:Rotation-ActVel      2020-06-09 13:51:56.854650 9.985  
TARGET_DU:Rotation-ActVel      2020-06-09 13:51:57.354556 10.078  
TARGET_DU:Rotation-ActVel      2020-06-09 13:51:57.854562 9.9242  
TARGET_DU:Rotation-ActVel      2020-06-09 13:51:58.354657 9.9814  
TARGET_DU:Rotation-ActVel      2020-06-09 13:51:58.854623 10.0243  
TARGET_DU:Rotation-ActVel      2020-06-09 13:51:59.354724 9.9564  
TARGET_DU:Rotation-ActVel      2020-06-09 13:51:59.854789 9.9707  
TARGET_DU:Rotation-ActVel      2020-06-09 13:52:00.354813 9.9456  
TARGET_DU:Rotation-ActVel      2020-06-09 13:52:00.855830 10.0493  
TARGET_DU:Rotation-ActVel      2020-06-09 13:52:01.354862 9.9528  
TARGET_DU:Rotation-ActVel      2020-06-09 13:52:01.854873 9.9957  
TARGET_DU:Rotation-ActVel      2020-06-09 13:52:02.354930 9.9707  
TARGET_DU:Rotation-ActVel      2020-06-09 13:52:02.854946 9.9421  
TARGET_DU:Rotation-ActVel      2020-06-09 13:52:03.355015 10.0029  
TARGET_DU:Rotation-ActVel      2020-06-09 13:52:03.856046 9.9707  
TARGET_DU:Rotation-ActVel      2020-06-09 13:52:04.355080 9.9349  
TARGET_DU:Rotation-ActVel      2020-06-09 13:52:04.855135 9.9778  
TARGET_DU:Rotation-ActVel      2020-06-09 13:52:05.355148 9.9957  
TARGET_DU:Rotation-ActVel      2020-06-09 13:52:05.855191 9.9885  
TARGET_DU:Rotation-ActVel      2020-06-09 13:52:06.355230 9.9564  
TARGET_DU:Rotation-ActVel      2020-06-09 13:52:07.355345 9.9921  
TARGET_DU:Rotation-ActVel      2020-06-09 13:52:07.855355 9.9885  
TARGET_DU:Rotation-ActVel      2020-06-09 13:52:08.355416 10.0315  
TARGET_DU:Rotation-ActVel      2020-06-09 13:52:08.855455 9.9134  
TARGET_DU:Rotation-ActVel      2020-06-09 13:52:09.355480 10.0064  
TARGET_DU:Rotation-ActVel      2020-06-09 13:52:09.854571 10.0851  
TARGET_DU:Rotation-ActVel      2020-06-09 13:52:10.354748 9.9778  
TARGET_DU:Rotation-ActVel      2020-06-09 13:52:10.854696 9.9528  
TARGET_DU:Rotation-ActVel      2020-06-09 13:52:11.354948 9.9814  
TARGET_DU:Rotation-ActVel      2020-06-09 13:52:11.854772 9.9921  
TARGET_DU:Rotation-ActVel      2020-06-09 13:52:12.354690 10.0029  
TARGET_DU:Rotation-ActVel      2020-06-09 13:52:12.854766 9.9385  
TARGET_DU:Rotation-ActVel      2020-06-09 13:52:13.354785 9.9993  
TARGET_DU:Rotation-ActVel      2020-06-09 13:52:13.854818 9.9421  
TARGET_DU:Rotation-ActVel      2020-06-09 13:52:14.354880 10.01  
TARGET_DU:Rotation-ActVel      2020-06-09 13:52:14.854901 9.9635  
TARGET_DU:Rotation-ActVel      2020-06-09 13:52:15.354908 10.0029  
TARGET_DU:Rotation-ActVel      2020-06-09 13:52:15.854957 9.9492  
TARGET_DU:Rotation-ActVel      2020-06-09 13:52:16.355026 10.0386  
TARGET_DU:Rotation-ActVel      2020-06-09 13:52:16.855107 10.0493  
TARGET_DU:Rotation-ActVel      2020-06-09 13:52:17.355106 10.0422  
TARGET_DU:Rotation-ActVel      2020-06-09 13:52:17.856132 10.0064  
TARGET_DU:Rotation-ActVel      2020-06-09 13:52:18.355155 10.0601  
TARGET_DU:Rotation-ActVel      2020-06-09 13:52:18.855243 10.0315  
TARGET_DU:Rotation-ActVel      2020-06-09 13:52:19.355303 10.035  
TARGET_DU:Rotation-ActVel      2020-06-09 13:52:19.855282 9.9278  
TARGET_DU:Rotation-ActVel      2020-06-09 13:52:20.355354 10.0172  
TARGET_DU:Rotation-ActVel      2020-06-09 13:52:20.855452 10.035  
TARGET_DU:Rotation-ActVel      2020-06-09 13:52:21.355410 9.9707  
TARGET_DU:Rotation-ActVel      2020-06-09 13:52:21.855447 9.9993  
TARGET_DU:Rotation-ActVel      2020-06-09 13:52:22.355498 10.0279  
TARGET_DU:Rotation-ActVel      2020-06-09 13:52:23.355503 9.9885  
TARGET_DU:Rotation-ActVel      2020-06-09 13:52:23.855557 10.01  
TARGET_DU:Rotation-ActVel      2020-06-09 13:52:24.355793 9.985  
TARGET_DU:Rotation-ActVel      2020-06-09 13:52:24.854860 9.9528  
TARGET_DU:Rotation-ActVel      2020-06-09 13:52:25.354838 10.0136  
TARGET_DU:Rotation-ActVel      2020-06-09 13:52:25.854800 10.0243  
TARGET_DU:Rotation-ActVel      2020-06-09 13:52:26.354872 9.9957  
TARGET_DU:Rotation-ActVel      2020-06-09 13:52:27.354929 9.9742  
TARGET_DU:Rotation-ActVel      2020-06-09 13:52:27.854881 10.0207  
TARGET_DU:Rotation-ActVel      2020-06-09 13:52:28.354993 9.985  
TARGET_DU:Rotation-ActVel      2020-06-09 13:52:28.855037 9.9957  
TARGET_DU:Rotation-ActVel      2020-06-09 13:52:29.355064 10.01  
TARGET_DU:Rotation-ActVel      2020-06-09 13:52:29.855109 9.9599  
TARGET_DU:Rotation-ActVel      2020-06-09 13:52:30.355123 9.9349  
TARGET_DU:Rotation-ActVel      2020-06-09 13:52:30.855158 10.01  
TARGET_DU:Rotation-ActVel      2020-06-09 13:52:31.355246 10.0029  
TARGET_DU:Rotation-ActVel      2020-06-09 13:52:31.856256 9.9814  
TARGET_DU:Rotation-ActVel      2020-06-09 13:52:32.355295 9.917  
TARGET_DU:Rotation-ActVel      2020-06-09 13:52:32.855341 10.0458  
TARGET_DU:Rotation-ActVel      2020-06-09 13:52:33.355317 9.9635  
TARGET_DU:Rotation-ActVel      2020-06-09 13:52:33.855409 10.0815  
TARGET_DU:Rotation-ActVel      2020-06-09 13:52:34.355446 10.0493  
TARGET_DU:Rotation-ActVel      2020-06-09 13:52:34.855478 10.0172  
TARGET_DU:Rotation-ActVel      2020-06-09 13:52:35.355549 10.035  
TARGET_DU:Rotation-ActVel      2020-06-09 13:52:35.855558 9.9885  
TARGET_DU:Rotation-ActVel      2020-06-09 13:52:36.355525 10.0672  
TARGET_DU:Rotation-ActVel      2020-06-09 13:52:36.855672 9.9564  
TARGET_DU:Rotation-ActVel      2020-06-09 13:52:37.355574 9.9528  
TARGET_DU:Rotation-ActVel      2020-06-09 13:52:37.856702 9.9921  
TARGET_DU:Rotation-ActVel      2020-06-09 13:52:38.355591 10.0815  
TARGET_DU:Rotation-ActVel      2020-06-09 13:52:38.855875 9.9278  
TARGET_DU:Rotation-ActVel      2020-06-09 13:52:39.354897 10.0064  
TARGET_DU:Rotation-ActVel      2020-06-09 13:52:39.854987 9.9564  
TARGET_DU:Rotation-ActVel      2020-06-09 13:52:40.354984 10.0243  
TARGET_DU:Rotation-ActVel      2020-06-09 13:52:40.854890 10.0672  
TARGET_DU:Rotation-ActVel      2020-06-09 13:52:41.354886 10.0493  
TARGET_DU:Rotation-ActVel      2020-06-09 13:52:41.855173 10.0422  
TARGET_DU:Rotation-ActVel      2020-06-09 13:52:42.354978 9.9707  
TARGET_DU:Rotation-ActVel      2020-06-09 13:52:42.855034 9.9456  
TARGET_DU:Rotation-ActVel      2020-06-09 13:52:43.355100 9.9564  
TARGET_DU:Rotation-ActVel      2020-06-09 13:52:43.855217 10.01  
TARGET_DU:Rotation-ActVel      2020-06-09 13:52:44.355282 9.9456  
TARGET_DU:Rotation-ActVel      2020-06-09 13:52:44.855327 9.9707  
TARGET_DU:Rotation-ActVel      2020-06-09 13:52:45.355328 9.9599  
TARGET_DU:Rotation-ActVel      2020-06-09 13:52:45.856366 10.0279  
TARGET_DU:Rotation-ActVel      2020-06-09 13:52:46.355368 9.9564  
TARGET_DU:Rotation-ActVel      2020-06-09 13:52:46.855473 10.0207  
TARGET_DU:Rotation-ActVel      2020-06-09 13:52:47.355532 9.9885  
TARGET_DU:Rotation-ActVel      2020-06-09 13:52:47.855516 9.9957  
TARGET_DU:Rotation-ActVel      2020-06-09 13:52:48.355571 9.9707  
TARGET_DU:Rotation-ActVel      2020-06-09 13:52:48.856580 10.0136  
TARGET_DU:Rotation-ActVel      2020-06-09 13:52:49.355661 9.9885  
TARGET_DU:Rotation-ActVel      2020-06-09 13:52:49.855707 10.0636  
TARGET_DU:Rotation-ActVel      2020-06-09 13:52:50.355779 9.9921  
TARGET_DU:Rotation-ActVel      2020-06-09 13:52:50.855795 10.0672  
TARGET_DU:Rotation-ActVel      2020-06-09 13:52:51.355823 10.0064  
TARGET_DU:Rotation-ActVel      2020-06-09 13:52:51.855850 10.078  
TARGET_DU:Rotation-ActVel      2020-06-09 13:52:52.355929 10.0493  
TARGET_DU:Rotation-ActVel      2020-06-09 13:52:52.855939 10.0029  
TARGET_DU:Rotation-ActVel      2020-06-09 13:52:53.356091 9.9671  
TARGET_DU:Rotation-ActVel      2020-06-09 13:52:53.855212 9.9957  
TARGET_DU:Rotation-ActVel      2020-06-09 13:52:54.355291 10.0458  
TARGET_DU:Rotation-ActVel      2020-06-09 13:52:54.855180 9.9742  
TARGET_DU:Rotation-ActVel      2020-06-09 13:52:55.355267 9.9564  
TARGET_DU:Rotation-ActVel      2020-06-09 13:52:56.355198 9.9599  
TARGET_DU:Rotation-ActVel      2020-06-09 13:52:56.855296 9.8741  
TARGET_DU:Rotation-ActVel      2020-06-09 13:52:57.355316 9.9778  
TARGET_DU:Rotation-ActVel      2020-06-09 13:52:57.855362 10.0172  
TARGET_DU:Rotation-ActVel      2020-06-09 13:52:58.855388 10.0493  
TARGET_DU:Rotation-ActVel      2020-06-09 13:52:59.355413 9.9957  
TARGET_DU:Rotation-ActVel      2020-06-09 13:52:59.855511 9.9993  
TARGET_DU:Rotation-ActVel      2020-06-09 13:53:00.356526 10.0529  
TARGET_DU:Rotation-ActVel      2020-06-09 13:53:00.855616 9.917  
TARGET_DU:Rotation-ActVel      2020-06-09 13:53:01.355560 10.0172  
TARGET_DU:Rotation-ActVel      2020-06-09 13:53:01.855700 9.9564  
TARGET_DU:Rotation-ActVel      2020-06-09 13:53:02.355719 9.985  
TARGET_DU:Rotation-ActVel      2020-06-09 13:53:02.856707 10.0565  
TARGET_DU:Rotation-ActVel      2020-06-09 13:53:03.355823 9.9528  
TARGET_DU:Rotation-ActVel      2020-06-09 13:53:03.855801 10.0458  
TARGET_DU:Rotation-ActVel      2020-06-09 13:53:04.355832 9.9814  
TARGET_DU:Rotation-ActVel      2020-06-09 13:53:04.855921 10.0207  
TARGET_DU:Rotation-ActVel      2020-06-09 13:53:05.355931 10.0315  
TARGET_DU:Rotation-ActVel      2020-06-09 13:53:05.856002 9.9385  
TARGET_DU:Rotation-ActVel      2020-06-09 13:53:06.356006 9.9957  
TARGET_DU:Rotation-ActVel      2020-06-09 13:53:06.856059 9.9599  
TARGET_DU:Rotation-ActVel      2020-06-09 13:53:07.356090 10.0136  
TARGET_DU:Rotation-ActVel      2020-06-09 13:53:07.856266 9.9957  
TARGET_DU:Rotation-ActVel      2020-06-09 13:53:08.355260 9.9635  
TARGET_DU:Rotation-ActVel      2020-06-09 13:53:08.855263 10.0851  
TARGET_DU:Rotation-ActVel      2020-06-09 13:53:09.355360 9.9814  
TARGET_DU:Rotation-ActVel      2020-06-09 13:53:10.355296 10.01  
TARGET_DU:Rotation-ActVel      2020-06-09 13:53:10.855323 10.0493  
TARGET_DU:Rotation-ActVel      2020-06-09 13:53:11.355394 10.0636  
TARGET_DU:Rotation-ActVel      2020-06-09 13:53:11.855387 10.0064  
TARGET_DU:Rotation-ActVel      2020-06-09 13:53:12.855519 10.0207  
TARGET_DU:Rotation-ActVel      2020-06-09 13:53:13.355521 10.0064  
TARGET_DU:Rotation-ActVel      2020-06-09 13:53:13.855573 9.9742  
TARGET_DU:Rotation-ActVel      2020-06-09 13:53:14.355617 10.0744  
TARGET_DU:Rotation-ActVel      2020-06-09 13:53:14.855669 10.0315  
TARGET_DU:Rotation-ActVel      2020-06-09 13:53:15.355732 10.0029  
TARGET_DU:Rotation-ActVel      2020-06-09 13:53:15.855778 9.9707  
TARGET_DU:Rotation-ActVel      2020-06-09 13:53:16.355822 10.0243  
TARGET_DU:Rotation-ActVel      2020-06-09 13:53:16.855809 10.0851  
TARGET_DU:Rotation-ActVel      2020-06-09 13:53:17.355919 10.0136  
TARGET_DU:Rotation-ActVel      2020-06-09 13:53:17.855920 10.0601  
TARGET_DU:Rotation-ActVel      2020-06-09 13:53:18.356922 10.0172  
TARGET_DU:Rotation-ActVel      2020-06-09 13:53:18.859006 10.0493  
TARGET_DU:Rotation-ActVel      2020-06-09 13:53:19.356066 10.0458  
TARGET_DU:Rotation-ActVel      2020-06-09 13:53:19.857069 10.0708  
TARGET_DU:Rotation-ActVel      2020-06-09 13:53:20.356141 10.0029  
TARGET_DU:Rotation-ActVel      2020-06-09 13:53:20.856123 10.0458  
TARGET_DU:Rotation-ActVel      2020-06-09 13:53:21.356152 10.01  
TARGET_DU:Rotation-ActVel      2020-06-09 13:53:21.856251 10.0923  
TARGET_DU:Rotation-ActVel      2020-06-09 13:53:22.356456 10.0207  
TARGET_DU:Rotation-ActVel      2020-06-09 13:53:23.355528 9.9099  
TARGET_DU:Rotation-ActVel      2020-06-09 13:53:23.855525 10.0243  
TARGET_DU:Rotation-ActVel      2020-06-09 13:53:24.855793 9.9957  
TARGET_DU:Rotation-ActVel      2020-06-09 13:53:25.355497 10.0529  
TARGET_DU:Rotation-ActVel      2020-06-09 13:53:25.855560 9.9885  
TARGET_DU:Rotation-ActVel      2020-06-09 13:53:26.355575 9.9778  
TARGET_DU:Rotation-ActVel      2020-06-09 13:53:26.855544 10.0708  
TARGET_DU:Rotation-ActVel      2020-06-09 13:53:27.355695 9.9957  
TARGET_DU:Rotation-ActVel      2020-06-09 13:53:27.855724 9.9921  
TARGET_DU:Rotation-ActVel      2020-06-09 13:53:28.356770 10.0815  
TARGET_DU:Rotation-ActVel      2020-06-09 13:53:28.855808 9.9242  
TARGET_DU:Rotation-ActVel      2020-06-09 13:53:29.355794 10.0172  
TARGET_DU:Rotation-ActVel      2020-06-09 13:53:29.855985 10.0064  
TARGET_DU:Rotation-ActVel      2020-06-09 13:53:30.355929 9.9528  
TARGET_DU:Rotation-ActVel      2020-06-09 13:53:30.855939 10.0458  
TARGET_DU:Rotation-ActVel      2020-06-09 13:53:31.357061 9.9885  
TARGET_DU:Rotation-ActVel      2020-06-09 13:53:31.856039 9.9957  
TARGET_DU:Rotation-ActVel      2020-06-09 13:53:32.356104 10.0958  
TARGET_DU:Rotation-ActVel      2020-06-09 13:53:32.856119 10.0064  
TARGET_DU:Rotation-ActVel      2020-06-09 13:53:33.357126 9.9671  
TARGET_DU:Rotation-ActVel      2020-06-09 13:53:33.856230 9.9421  
TARGET_DU:Rotation-ActVel      2020-06-09 13:53:34.356248 9.985  
TARGET_DU:Rotation-ActVel      2020-06-09 13:53:34.856288 10.0279  
TARGET_DU:Rotation-ActVel      2020-06-09 13:53:35.356279 10.0315  
TARGET_DU:Rotation-ActVel      2020-06-09 13:53:35.856308 10.1209  
TARGET_DU:Rotation-ActVel      2020-06-09 13:53:36.357399 9.9993  
TARGET_DU:Rotation-ActVel      2020-06-09 13:53:36.855580 10.0136  
TARGET_DU:Rotation-ActVel      2020-06-09 13:53:37.355544 9.9778  
TARGET_DU:Rotation-ActVel      2020-06-09 13:53:37.855657 9.9528  
TARGET_DU:Rotation-ActVel      2020-06-09 13:53:38.355632 9.917  
TARGET_DU:Rotation-ActVel      2020-06-09 13:53:38.855662 9.9778  
TARGET_DU:Rotation-ActVel      2020-06-09 13:53:39.355646 9.9957  
TARGET_DU:Rotation-ActVel      2020-06-09 13:53:39.855730 10.0422  
TARGET_DU:Rotation-ActVel      2020-06-09 13:53:40.355722 9.9957  
TARGET_DU:Rotation-ActVel      2020-06-09 13:53:40.855675 9.9742  
TARGET_DU:Rotation-ActVel      2020-06-09 13:53:41.355775 10.0923  
TARGET_DU:Rotation-ActVel      2020-06-09 13:53:41.855804 9.9993  
TARGET_DU:Rotation-ActVel      2020-06-09 13:53:42.355847 10.0029  
TARGET_DU:Rotation-ActVel      2020-06-09 13:53:42.855881 9.9349  
TARGET_DU:Rotation-ActVel      2020-06-09 13:53:43.355918 9.9635  
TARGET_DU:Rotation-ActVel      2020-06-09 13:53:43.855975 10.0422  
TARGET_DU:Rotation-ActVel      2020-06-09 13:53:44.356037 9.9456  
TARGET_DU:Rotation-ActVel      2020-06-09 13:53:44.856029 10.0243  
TARGET_DU:Rotation-ActVel      2020-06-09 13:53:45.356102 9.9063  
TARGET_DU:Rotation-ActVel      2020-06-09 13:53:45.856116 10.0672  
TARGET_DU:Rotation-ActVel      2020-06-09 13:53:46.356151 9.9993  
TARGET_DU:Rotation-ActVel      2020-06-09 13:53:46.856224 9.9742  
TARGET_DU:Rotation-ActVel      2020-06-09 13:53:47.356231 9.9421  
TARGET_DU:Rotation-ActVel      2020-06-09 13:53:47.856295 9.9242  
TARGET_DU:Rotation-ActVel      2020-06-09 13:53:48.357351 10.0458  
TARGET_DU:Rotation-ActVel      2020-06-09 13:53:48.856397 10.0172  
TARGET_DU:Rotation-ActVel      2020-06-09 13:53:49.356414 10.078  
TARGET_DU:Rotation-ActVel      2020-06-09 13:53:49.856497 9.9778  
TARGET_DU:Rotation-ActVel      2020-06-09 13:53:50.356517 10.0636  
TARGET_DU:Rotation-ActVel      2020-06-09 13:53:50.856578 9.985  
TARGET_DU:Rotation-ActVel      2020-06-09 13:53:51.356779 10.0422  
TARGET_DU:Rotation-ActVel      2020-06-09 13:53:51.855752 10.0029  
TARGET_DU:Rotation-ActVel      2020-06-09 13:53:52.355836 9.985  
TARGET_DU:Rotation-ActVel      2020-06-09 13:53:52.855800 10.0172  
TARGET_DU:Rotation-ActVel      2020-06-09 13:53:53.355704 9.9921  
TARGET_DU:Rotation-ActVel      2020-06-09 13:53:53.855847 10.01  
TARGET_DU:Rotation-ActVel      2020-06-09 13:53:54.355682 9.985  
TARGET_DU:Rotation-ActVel      2020-06-09 13:53:54.855845 10.0315  
TARGET_DU:Rotation-ActVel      2020-06-09 13:53:55.855742 10.0458  
TARGET_DU:Rotation-ActVel      2020-06-09 13:53:56.355788 9.9957  
TARGET_DU:Rotation-ActVel      2020-06-09 13:53:56.855852 9.985  
TARGET_DU:Rotation-ActVel      2020-06-09 13:53:57.356015 9.9492  
TARGET_DU:Rotation-ActVel      2020-06-09 13:53:57.856060 10.078  
TARGET_DU:Rotation-ActVel      2020-06-09 13:53:58.355981 9.9957  
TARGET_DU:Rotation-ActVel      2020-06-09 13:53:58.856100 9.985  
TARGET_DU:Rotation-ActVel      2020-06-09 13:53:59.357106 10.0458  
TARGET_DU:Rotation-ActVel      2020-06-09 13:53:59.856175 9.9814  
TARGET_DU:Rotation-ActVel      2020-06-09 13:54:00.357240 10.0243  
TARGET_DU:Rotation-ActVel      2020-06-09 13:54:00.856348 10.0136  
TARGET_DU:Rotation-ActVel      2020-06-09 13:54:01.356392 10.0029  
TARGET_DU:Rotation-ActVel      2020-06-09 13:54:01.856399 9.9778  
TARGET_DU:Rotation-ActVel      2020-06-09 13:54:02.356473 10.0601  
TARGET_DU:Rotation-ActVel      2020-06-09 13:54:02.856530 10.1173  
TARGET_DU:Rotation-ActVel      2020-06-09 13:54:03.356492 9.9385  
TARGET_DU:Rotation-ActVel      2020-06-09 13:54:03.856515 10.0243  
TARGET_DU:Rotation-ActVel      2020-06-09 13:54:04.356641 9.9492  
TARGET_DU:Rotation-ActVel      2020-06-09 13:54:04.856645 9.9957  
TARGET_DU:Rotation-ActVel      2020-06-09 13:54:05.357693 10.0565  
TARGET_DU:Rotation-ActVel      2020-06-09 13:54:05.856848 10.0315  
TARGET_DU:Rotation-ActVel      2020-06-09 13:54:06.355882 9.9707  
TARGET_DU:Rotation-ActVel      2020-06-09 13:54:06.855970 9.985  
TARGET_DU:Rotation-ActVel      2020-06-09 13:54:07.355907 9.9492  
TARGET_DU:Rotation-ActVel      2020-06-09 13:54:07.855931 9.9385  
TARGET_DU:Rotation-ActVel      2020-06-09 13:54:08.355962 10.1244  
TARGET_DU:Rotation-ActVel      2020-06-09 13:54:08.855943 10.0029  
TARGET_DU:Rotation-ActVel      2020-06-09 13:54:09.356000 10.0172  
TARGET_DU:Rotation-ActVel      2020-06-09 13:54:09.856023 9.985  
TARGET_DU:Rotation-ActVel      2020-06-09 13:54:10.356088 9.9421  
TARGET_DU:Rotation-ActVel      2020-06-09 13:54:10.856123 9.985  
TARGET_DU:Rotation-ActVel      2020-06-09 13:54:11.356162 10.0636  
TARGET_DU:Rotation-ActVel      2020-06-09 13:54:11.856192 10.0315  
TARGET_DU:Rotation-ActVel      2020-06-09 13:54:12.356230 10.0064  
TARGET_DU:Rotation-ActVel      2020-06-09 13:54:12.856190 10.0315  
TARGET_DU:Rotation-ActVel      2020-06-09 13:54:13.357287 10.035  
TARGET_DU:Rotation-ActVel      2020-06-09 13:54:13.856308 10.0708  
TARGET_DU:Rotation-ActVel      2020-06-09 13:54:14.356366 10.0064  
TARGET_DU:Rotation-ActVel      2020-06-09 13:54:14.856461 9.9742  
TARGET_DU:Rotation-ActVel      2020-06-09 13:54:15.356420 10.0243  
TARGET_DU:Rotation-ActVel      2020-06-09 13:54:15.856512 10.0422  
TARGET_DU:Rotation-ActVel      2020-06-09 13:54:16.357622 9.9456  
TARGET_DU:Rotation-ActVel      2020-06-09 13:54:16.856561 10.0815  
TARGET_DU:Rotation-ActVel      2020-06-09 13:54:17.356634 10.0029  
TARGET_DU:Rotation-ActVel      2020-06-09 13:54:17.856525 9.9635  
TARGET_DU:Rotation-ActVel      2020-06-09 13:54:18.356739 10.0279  
TARGET_DU:Rotation-ActVel      2020-06-09 13:54:18.856808 10.0565  
TARGET_DU:Rotation-ActVel      2020-06-09 13:54:19.356842 10.0029  
TARGET_DU:Rotation-ActVel      2020-06-09 13:54:19.856850 9.9957  
TARGET_DU:Rotation-ActVel      2020-06-09 13:54:20.356116 10.0136  
